[2025-05-31 22:28:22Z INFO HostContext] No proxy settings were found based on environmental variables (http_proxy/https_proxy/HTTP_PROXY/HTTPS_PROXY)
[2025-05-31 22:28:22Z INFO HostContext] Well known directory 'Bin': 'C:\Users\yahya\Downloads\inventory-service\actions-runner\bin'
[2025-05-31 22:28:22Z INFO HostContext] Well known directory 'Root': 'C:\Users\yahya\Downloads\inventory-service\actions-runner'
[2025-05-31 22:28:22Z INFO HostContext] Well known config file 'Credentials': 'C:\Users\yahya\Downloads\inventory-service\actions-runner\.credentials'
[2025-05-31 22:28:22Z INFO HostContext] Well known directory 'Bin': 'C:\Users\yahya\Downloads\inventory-service\actions-runner\bin'
[2025-05-31 22:28:22Z INFO HostContext] Well known directory 'Root': 'C:\Users\yahya\Downloads\inventory-service\actions-runner'
[2025-05-31 22:28:22Z INFO HostContext] Well known config file 'Runner': 'C:\Users\yahya\Downloads\inventory-service\actions-runner\.runner'
[2025-05-31 22:28:22Z INFO Listener] Runner is built for Windows (X64) - win-x64.
[2025-05-31 22:28:22Z INFO Listener] RuntimeInformation: Microsoft Windows 10.0.26100.
[2025-05-31 22:28:22Z INFO Listener] Version: 2.324.0
[2025-05-31 22:28:22Z INFO Listener] Commit: da3412efd49b1cf1a0fbdcbcee4e4ac4cc2177c8
[2025-05-31 22:28:22Z INFO Listener] Culture: en-US
[2025-05-31 22:28:22Z INFO Listener] UI Culture: en-US
[2025-05-31 22:28:22Z INFO HostContext] Well known directory 'Bin': 'C:\Users\yahya\Downloads\inventory-service\actions-runner\bin'
[2025-05-31 22:28:22Z INFO HostContext] Well known directory 'Root': 'C:\Users\yahya\Downloads\inventory-service\actions-runner'
[2025-05-31 22:28:22Z INFO Listener] Validating directory permissions for: 'C:\Users\yahya\Downloads\inventory-service\actions-runner'
[2025-05-31 22:28:22Z ERR  Terminal] WRITE ERROR: An error occurred: Permission to read the directory contents is required for 'C:\Users\yahya\Downloads\inventory-service\actions-runner' and each directory up the hierarchy. Access to the path 'C:\Users\yahya\Downloads\inventory-service' is denied.
[2025-05-31 22:28:22Z ERR  Listener] System.UnauthorizedAccessException: Permission to read the directory contents is required for 'C:\Users\yahya\Downloads\inventory-service\actions-runner' and each directory up the hierarchy. Access to the path 'C:\Users\yahya\Downloads\inventory-service' is denied.
 ---> System.UnauthorizedAccessException: Access to the path 'C:\Users\yahya\Downloads\inventory-service' is denied.
   at System.IO.Enumeration.FileSystemEnumerator`1.CreateDirectoryHandle(String path, Boolean ignoreNotFound)
   at System.IO.Enumeration.FileSystemEnumerator`1.Init()
   at System.IO.Enumeration.FileSystemEnumerable`1..ctor(String directory, FindTransform transform, EnumerationOptions options, Boolean isNormalized)
   at System.IO.Enumeration.FileSystemEnumerableFactory.UserEntries(String directory, String expression, EnumerationOptions options)
   at System.IO.Directory.InternalEnumeratePaths(String path, String searchPattern, SearchTarget searchTarget, EnumerationOptions options)
   at GitHub.Runner.Sdk.IOUtil.ValidateExecutePermission(String directory)
   --- End of inner exception stack trace ---
   at GitHub.Runner.Sdk.IOUtil.ValidateExecutePermission(String directory)
   at GitHub.Runner.Listener.Program.MainAsync(IHostContext context, String[] args)
[2025-05-31 22:28:22Z ERR  Listener] #####################################################
[2025-05-31 22:28:22Z ERR  Listener] System.UnauthorizedAccessException: Access to the path 'C:\Users\yahya\Downloads\inventory-service' is denied.
   at System.IO.Enumeration.FileSystemEnumerator`1.CreateDirectoryHandle(String path, Boolean ignoreNotFound)
   at System.IO.Enumeration.FileSystemEnumerator`1.Init()
   at System.IO.Enumeration.FileSystemEnumerable`1..ctor(String directory, FindTransform transform, EnumerationOptions options, Boolean isNormalized)
   at System.IO.Enumeration.FileSystemEnumerableFactory.UserEntries(String directory, String expression, EnumerationOptions options)
   at System.IO.Directory.InternalEnumeratePaths(String path, String searchPattern, SearchTarget searchTarget, EnumerationOptions options)
   at GitHub.Runner.Sdk.IOUtil.ValidateExecutePermission(String directory)
