[2025-05-31 22:16:02Z INFO HostContext] No proxy settings were found based on environmental variables (http_proxy/https_proxy/HTTP_PROXY/HTTPS_PROXY)
[2025-05-31 22:16:02Z INFO HostContext] Well known directory 'Bin': 'C:\Users\yahya\Downloads\inventory-service\actions-runner\bin'
[2025-05-31 22:16:02Z INFO HostContext] Well known directory 'Root': 'C:\Users\yahya\Downloads\inventory-service\actions-runner'
[2025-05-31 22:16:02Z INFO HostContext] Well known config file 'Credentials': 'C:\Users\yahya\Downloads\inventory-service\actions-runner\.credentials'
[2025-05-31 22:16:02Z INFO HostContext] Well known directory 'Bin': 'C:\Users\yahya\Downloads\inventory-service\actions-runner\bin'
[2025-05-31 22:16:02Z INFO HostContext] Well known directory 'Root': 'C:\Users\yahya\Downloads\inventory-service\actions-runner'
[2025-05-31 22:16:02Z INFO HostContext] Well known config file 'Runner': 'C:\Users\yahya\Downloads\inventory-service\actions-runner\.runner'
[2025-05-31 22:16:02Z INFO Listener] Runner is built for Windows (X64) - win-x64.
[2025-05-31 22:16:02Z INFO Listener] RuntimeInformation: Microsoft Windows 10.0.26100.
[2025-05-31 22:16:02Z INFO Listener] Version: 2.324.0
[2025-05-31 22:16:02Z INFO Listener] Commit: da3412efd49b1cf1a0fbdcbcee4e4ac4cc2177c8
[2025-05-31 22:16:02Z INFO Listener] Culture: en-US
[2025-05-31 22:16:02Z INFO Listener] UI Culture: en-US
[2025-05-31 22:16:02Z INFO HostContext] Well known directory 'Bin': 'C:\Users\yahya\Downloads\inventory-service\actions-runner\bin'
[2025-05-31 22:16:02Z INFO HostContext] Well known directory 'Root': 'C:\Users\yahya\Downloads\inventory-service\actions-runner'
[2025-05-31 22:16:02Z INFO Listener] Validating directory permissions for: 'C:\Users\yahya\Downloads\inventory-service\actions-runner'
[2025-05-31 22:16:02Z INFO CommandLineParser] Parse
[2025-05-31 22:16:02Z INFO CommandLineParser] Parsing 5 args
[2025-05-31 22:16:02Z INFO CommandLineParser] parsing argument
[2025-05-31 22:16:02Z INFO CommandLineParser] HasArgs: False
[2025-05-31 22:16:02Z INFO CommandLineParser] Adding Command: configure
[2025-05-31 22:16:02Z INFO CommandLineParser] parsing argument
[2025-05-31 22:16:02Z INFO CommandLineParser] HasArgs: True
[2025-05-31 22:16:02Z INFO CommandLineParser] arg: url
[2025-05-31 22:16:02Z INFO CommandLineParser] parsing argument
[2025-05-31 22:16:02Z INFO CommandLineParser] HasArgs: True
[2025-05-31 22:16:02Z INFO CommandLineParser] Adding option 'url': 'https://github.com/YahyaElkhayat/Inventory-service'
[2025-05-31 22:16:02Z INFO CommandLineParser] parsing argument
[2025-05-31 22:16:02Z INFO CommandLineParser] HasArgs: True
[2025-05-31 22:16:02Z INFO CommandLineParser] arg: token
[2025-05-31 22:16:02Z INFO CommandLineParser] parsing argument
[2025-05-31 22:16:02Z INFO CommandLineParser] HasArgs: True
[2025-05-31 22:16:02Z INFO CommandLineParser] Adding option 'token': '***'
[2025-05-31 22:16:02Z INFO Listener] Arguments parsed
[2025-05-31 22:16:02Z INFO Runner] ExecuteCommand
[2025-05-31 22:16:02Z INFO ConfigurationStore] currentAssemblyLocation: C:\Users\yahya\Downloads\inventory-service\actions-runner\bin\Runner.Listener.dll
[2025-05-31 22:16:02Z INFO HostContext] Well known directory 'Bin': 'C:\Users\yahya\Downloads\inventory-service\actions-runner\bin'
[2025-05-31 22:16:02Z INFO ConfigurationStore] binPath: C:\Users\yahya\Downloads\inventory-service\actions-runner\bin
[2025-05-31 22:16:02Z INFO HostContext] Well known directory 'Bin': 'C:\Users\yahya\Downloads\inventory-service\actions-runner\bin'
[2025-05-31 22:16:02Z INFO HostContext] Well known directory 'Root': 'C:\Users\yahya\Downloads\inventory-service\actions-runner'
[2025-05-31 22:16:02Z INFO ConfigurationStore] RootFolder: C:\Users\yahya\Downloads\inventory-service\actions-runner
[2025-05-31 22:16:02Z INFO HostContext] Well known directory 'Bin': 'C:\Users\yahya\Downloads\inventory-service\actions-runner\bin'
[2025-05-31 22:16:02Z INFO HostContext] Well known directory 'Root': 'C:\Users\yahya\Downloads\inventory-service\actions-runner'
[2025-05-31 22:16:02Z INFO HostContext] Well known config file 'Runner': 'C:\Users\yahya\Downloads\inventory-service\actions-runner\.runner'
[2025-05-31 22:16:02Z INFO ConfigurationStore] ConfigFilePath: C:\Users\yahya\Downloads\inventory-service\actions-runner\.runner
[2025-05-31 22:16:02Z INFO HostContext] Well known directory 'Bin': 'C:\Users\yahya\Downloads\inventory-service\actions-runner\bin'
[2025-05-31 22:16:02Z INFO HostContext] Well known directory 'Root': 'C:\Users\yahya\Downloads\inventory-service\actions-runner'
[2025-05-31 22:16:02Z INFO HostContext] Well known config file 'MigratedRunner': 'C:\Users\yahya\Downloads\inventory-service\actions-runner\.runner_migrated'
[2025-05-31 22:16:02Z INFO ConfigurationStore] MigratedConfigFilePath: C:\Users\yahya\Downloads\inventory-service\actions-runner\.runner_migrated
[2025-05-31 22:16:02Z INFO HostContext] Well known directory 'Bin': 'C:\Users\yahya\Downloads\inventory-service\actions-runner\bin'
[2025-05-31 22:16:02Z INFO HostContext] Well known directory 'Root': 'C:\Users\yahya\Downloads\inventory-service\actions-runner'
[2025-05-31 22:16:02Z INFO HostContext] Well known config file 'Credentials': 'C:\Users\yahya\Downloads\inventory-service\actions-runner\.credentials'
[2025-05-31 22:16:02Z INFO ConfigurationStore] CredFilePath: C:\Users\yahya\Downloads\inventory-service\actions-runner\.credentials
[2025-05-31 22:16:02Z INFO HostContext] Well known directory 'Bin': 'C:\Users\yahya\Downloads\inventory-service\actions-runner\bin'
[2025-05-31 22:16:02Z INFO HostContext] Well known directory 'Root': 'C:\Users\yahya\Downloads\inventory-service\actions-runner'
[2025-05-31 22:16:02Z INFO HostContext] Well known config file 'MigratedCredentials': 'C:\Users\yahya\Downloads\inventory-service\actions-runner\.credentials_migrated'
[2025-05-31 22:16:02Z INFO ConfigurationStore] MigratedCredFilePath: C:\Users\yahya\Downloads\inventory-service\actions-runner\.credentials_migrated
[2025-05-31 22:16:02Z INFO HostContext] Well known directory 'Bin': 'C:\Users\yahya\Downloads\inventory-service\actions-runner\bin'
[2025-05-31 22:16:02Z INFO HostContext] Well known directory 'Root': 'C:\Users\yahya\Downloads\inventory-service\actions-runner'
[2025-05-31 22:16:02Z INFO HostContext] Well known config file 'Service': 'C:\Users\yahya\Downloads\inventory-service\actions-runner\.service'
[2025-05-31 22:16:02Z INFO ConfigurationStore] ServiceConfigFilePath: C:\Users\yahya\Downloads\inventory-service\actions-runner\.service
[2025-05-31 22:16:02Z INFO CommandSettings] Flag 'help': 'False'
[2025-05-31 22:16:02Z INFO CommandSettings] Flag 'version': 'False'
[2025-05-31 22:16:02Z INFO CommandSettings] Flag 'commit': 'False'
[2025-05-31 22:16:02Z INFO CommandSettings] Flag 'check': 'False'
[2025-05-31 22:16:02Z INFO CommandSettings] Command 'configure': 'True'
[2025-05-31 22:16:02Z INFO Terminal] WRITE LINE: 
[2025-05-31 22:16:02Z INFO Terminal] WRITE LINE: --------------------------------------------------------------------------------
[2025-05-31 22:16:02Z INFO Terminal] WRITE LINE: |        ____ _ _   _   _       _          _        _   _                      |
[2025-05-31 22:16:02Z INFO Terminal] WRITE LINE: |       / ___(_) |_| | | |_   _| |__      / \   ___| |_(_) ___  _ __  ___      |
[2025-05-31 22:16:02Z INFO Terminal] WRITE LINE: |      | |  _| | __| |_| | | | | '_ \    / _ \ / __| __| |/ _ \| '_ \/ __|     |
[2025-05-31 22:16:02Z INFO Terminal] WRITE LINE: |      | |_| | | |_|  _  | |_| | |_) |  / ___ \ (__| |_| | (_) | | | \__ \     |
[2025-05-31 22:16:02Z INFO Terminal] WRITE LINE: |       \____|_|\__|_| |_|\__,_|_.__/  /_/   \_\___|\__|_|\___/|_| |_|___/     |
[2025-05-31 22:16:02Z INFO Terminal] WRITE LINE: |                                                                              |
[2025-05-31 22:16:02Z INFO Terminal] WRITE: |                       
[2025-05-31 22:16:02Z INFO Terminal] WRITE: Self-hosted runner registration
[2025-05-31 22:16:02Z INFO Terminal] WRITE LINE:                         |
[2025-05-31 22:16:02Z INFO Terminal] WRITE LINE: |                                                                              |
[2025-05-31 22:16:02Z INFO Terminal] WRITE LINE: --------------------------------------------------------------------------------
[2025-05-31 22:16:02Z INFO ConfigurationManager] ConfigureAsync
[2025-05-31 22:16:02Z INFO CommandSettings] Flag 'generateServiceConfig': 'False'
[2025-05-31 22:16:02Z INFO ConfigurationStore] IsConfigured()
[2025-05-31 22:16:02Z INFO ConfigurationStore] IsConfigured: False
[2025-05-31 22:16:02Z INFO ConfigurationManager] Is configured: False
[2025-05-31 22:16:02Z INFO CommandSettings] Arg 'url': 'https://github.com/YahyaElkhayat/Inventory-service'
[2025-05-31 22:16:02Z INFO CommandSettings] Remove url from Arg dictionary.
[2025-05-31 22:16:02Z INFO CommandSettings] Arg 'token': '***'
[2025-05-31 22:16:02Z INFO CommandSettings] Remove token from Arg dictionary.
[2025-05-31 22:16:02Z INFO ConfigurationManager] Http response code: OK from 'POST https://api.github.com/actions/runner-registration' (EA75:2A8A62:4CE2E2C:4F5E660:683B7F94)
[2025-05-31 22:16:02Z INFO ConfigurationManager] Using V2 flow: False
[2025-05-31 22:16:02Z INFO ConfigurationManager] cred retrieved via GitHub auth
[2025-05-31 22:16:02Z INFO RunnerServer] EstablishVssConnection
[2025-05-31 22:16:02Z INFO RunnerServer] Establish connection with 100 seconds timeout.
[2025-05-31 22:16:03Z INFO GitHubActionsService] Starting operation Location.GetConnectionData
[2025-05-31 22:16:03Z INFO RunnerServer] EstablishVssConnection
[2025-05-31 22:16:03Z INFO RunnerServer] Establish connection with 60 seconds timeout.
[2025-05-31 22:16:03Z INFO GitHubActionsService] Starting operation Location.GetConnectionData
[2025-05-31 22:16:03Z INFO RunnerServer] EstablishVssConnection
[2025-05-31 22:16:03Z INFO RunnerServer] Establish connection with 60 seconds timeout.
[2025-05-31 22:16:03Z INFO GitHubActionsService] Starting operation Location.GetConnectionData
[2025-05-31 22:16:03Z INFO GitHubActionsService] Finished operation Location.GetConnectionData
[2025-05-31 22:16:03Z INFO GitHubActionsService] Finished operation Location.GetConnectionData
[2025-05-31 22:16:03Z INFO GitHubActionsService] Finished operation Location.GetConnectionData
[2025-05-31 22:16:03Z INFO Terminal] WRITE LINE: 
[2025-05-31 22:16:03Z INFO ConfigurationManager] Test Connection complete.
[2025-05-31 22:16:03Z INFO HostContext] Well known directory 'Bin': 'C:\Users\yahya\Downloads\inventory-service\actions-runner\bin'
[2025-05-31 22:16:03Z INFO HostContext] Well known directory 'Root': 'C:\Users\yahya\Downloads\inventory-service\actions-runner'
[2025-05-31 22:16:03Z INFO HostContext] Well known config file 'RSACredentials': 'C:\Users\yahya\Downloads\inventory-service\actions-runner\.credentials_rsaparams'
[2025-05-31 22:16:03Z INFO RSAEncryptedFileKeyManager] Creating new RSA key using 2048-bit key length
[2025-05-31 22:16:03Z INFO RSAEncryptedFileKeyManager] Successfully saved RSA key parameters to file C:\Users\yahya\Downloads\inventory-service\actions-runner\.credentials_rsaparams
[2025-05-31 22:16:04Z INFO CommandSettings] Arg 'runnergroup': ''
[2025-05-31 22:16:04Z INFO CommandSettings] Flag 'unattended': 'False'
[2025-05-31 22:16:04Z INFO PromptManager] ReadValue
[2025-05-31 22:16:04Z INFO Terminal] WRITE: Enter the name of the runner group to add this runner to: 
[2025-05-31 22:16:04Z INFO Terminal] WRITE: [press Enter for Default] 
[2025-05-31 22:16:04Z INFO Terminal] READ LINE
[2025-05-31 22:16:05Z INFO Terminal] Read value: ''
[2025-05-31 22:16:05Z INFO PromptManager] Falling back to the default: 'Default'
[2025-05-31 22:16:05Z INFO Terminal] WRITE LINE: 
[2025-05-31 22:16:05Z INFO ConfigurationManager] Found a self-hosted runner group with id 1 and name Default
[2025-05-31 22:16:05Z INFO CommandSettings] Flag 'disableupdate': 'False'
[2025-05-31 22:16:05Z INFO CommandSettings] Flag 'ephemeral': 'False'
[2025-05-31 22:16:05Z INFO CommandSettings] Arg 'name': ''
[2025-05-31 22:16:05Z INFO CommandSettings] Flag 'unattended': 'False'
[2025-05-31 22:16:05Z INFO PromptManager] ReadValue
[2025-05-31 22:16:05Z INFO Terminal] WRITE: Enter the name of runner: 
[2025-05-31 22:16:05Z INFO Terminal] WRITE: [press Enter for DESKTOP-7FSQ2A0] 
[2025-05-31 22:16:05Z INFO Terminal] READ LINE
[2025-05-31 22:16:07Z INFO Terminal] Read value: ''
[2025-05-31 22:16:07Z INFO PromptManager] Falling back to the default: 'DESKTOP-7FSQ2A0'
[2025-05-31 22:16:07Z INFO Terminal] WRITE LINE: 
[2025-05-31 22:16:07Z INFO CommandSettings] Arg 'labels': ''
[2025-05-31 22:16:07Z INFO CommandSettings] Flag 'unattended': 'False'
[2025-05-31 22:16:07Z INFO PromptManager] ReadValue
[2025-05-31 22:16:07Z INFO Terminal] WRITE: This runner will have the following labels: 'self-hosted', 'Windows', 'X64' 
Enter any additional labels (ex. label-1,label-2): 
[2025-05-31 22:16:07Z INFO Terminal] WRITE: [press Enter to skip] 
[2025-05-31 22:16:07Z INFO Terminal] READ LINE
[2025-05-31 22:16:12Z INFO Terminal] Read value: ''
[2025-05-31 22:16:12Z INFO Terminal] WRITE LINE: 
[2025-05-31 22:16:12Z INFO Terminal] WRITE LINE: A runner exists with the same name
[2025-05-31 22:16:12Z INFO CommandSettings] Flag 'replace': 'False'
[2025-05-31 22:16:12Z INFO CommandSettings] Flag 'unattended': 'False'
[2025-05-31 22:16:12Z INFO PromptManager] ReadValue
[2025-05-31 22:16:12Z INFO Terminal] WRITE: Would you like to replace the existing runner? (Y/N) 
[2025-05-31 22:16:12Z INFO Terminal] WRITE: [press Enter for N] 
[2025-05-31 22:16:12Z INFO Terminal] READ LINE
[2025-05-31 22:16:14Z INFO Terminal] Read value: 'Y'
[2025-05-31 22:16:14Z INFO CommandSettings] Flag 'disableupdate': 'False'
[2025-05-31 22:16:14Z INFO CommandSettings] Flag 'no-default-labels': 'False'
[2025-05-31 22:16:14Z INFO CommandSettings] Flag 'disableupdate': 'False'
[2025-05-31 22:16:14Z INFO CommandSettings] Flag 'ephemeral': 'False'
[2025-05-31 22:16:14Z INFO ConfigurationStore] Saving OAuth credential @ C:\Users\yahya\Downloads\inventory-service\actions-runner\.credentials
[2025-05-31 22:16:14Z INFO ConfigurationStore] Credentials Saved.
[2025-05-31 22:16:14Z INFO ConfigurationStore] HasCredentials()
[2025-05-31 22:16:14Z INFO ConfigurationStore] stored True
[2025-05-31 22:16:14Z INFO CredentialManager] GetCredentialProvider
[2025-05-31 22:16:14Z INFO CredentialManager] Creating type OAuth
[2025-05-31 22:16:14Z INFO CredentialManager] Creating credential type: OAuth
[2025-05-31 22:16:14Z INFO RSAEncryptedFileKeyManager] Loading RSA key parameters from file C:\Users\yahya\Downloads\inventory-service\actions-runner\.credentials_rsaparams
[2025-05-31 22:16:14Z INFO RunnerServer] EstablishVssConnection
[2025-05-31 22:16:14Z INFO RunnerServer] Establish connection with 100 seconds timeout.
[2025-05-31 22:16:14Z INFO GitHubActionsService] Starting operation Location.GetConnectionData
[2025-05-31 22:16:14Z INFO RunnerServer] EstablishVssConnection
[2025-05-31 22:16:14Z INFO RunnerServer] Establish connection with 60 seconds timeout.
[2025-05-31 22:16:14Z INFO GitHubActionsService] Starting operation Location.GetConnectionData
[2025-05-31 22:16:14Z INFO RunnerServer] EstablishVssConnection
[2025-05-31 22:16:14Z INFO RunnerServer] Establish connection with 60 seconds timeout.
[2025-05-31 22:16:14Z INFO GitHubActionsService] Starting operation Location.GetConnectionData
[2025-05-31 22:16:15Z INFO GitHubActionsService] Finished operation Location.GetConnectionData
[2025-05-31 22:16:15Z INFO GitHubActionsService] Finished operation Location.GetConnectionData
[2025-05-31 22:16:15Z INFO GitHubActionsService] Finished operation Location.GetConnectionData
[2025-05-31 22:16:15Z INFO RSAEncryptedFileKeyManager] Loading RSA key parameters from file C:\Users\yahya\Downloads\inventory-service\actions-runner\.credentials_rsaparams
[2025-05-31 22:16:15Z INFO RSAEncryptedFileKeyManager] Loading RSA key parameters from file C:\Users\yahya\Downloads\inventory-service\actions-runner\.credentials_rsaparams
[2025-05-31 22:16:15Z INFO GitHubActionsService] AAD Correlation ID for this token request: Unknown
[2025-05-31 22:16:16Z INFO CommandSettings] Arg 'work': ''
[2025-05-31 22:16:16Z INFO CommandSettings] Flag 'unattended': 'False'
[2025-05-31 22:16:16Z INFO PromptManager] ReadValue
[2025-05-31 22:16:16Z INFO Terminal] WRITE: Enter name of work folder: 
[2025-05-31 22:16:16Z INFO Terminal] WRITE: [press Enter for _work] 
[2025-05-31 22:16:16Z INFO Terminal] READ LINE
[2025-05-31 22:16:18Z INFO Terminal] Read value: ''
[2025-05-31 22:16:18Z INFO PromptManager] Falling back to the default: '_work'
[2025-05-31 22:16:18Z INFO ConfigurationStore] Saving runner settings.
[2025-05-31 22:16:18Z INFO ConfigurationStore] Settings Saved.
[2025-05-31 22:16:18Z INFO Terminal] WRITE LINE: 
[2025-05-31 22:16:18Z INFO Terminal] WRITE LINE: 
[2025-05-31 22:16:18Z INFO CommandSettings] Flag 'runasservice': 'False'
[2025-05-31 22:16:18Z INFO CommandSettings] Flag 'unattended': 'False'
[2025-05-31 22:16:18Z INFO PromptManager] ReadValue
[2025-05-31 22:16:18Z INFO Terminal] WRITE: Would you like to run the runner as service? (Y/N) 
[2025-05-31 22:16:18Z INFO Terminal] WRITE: [press Enter for N] 
[2025-05-31 22:16:18Z INFO Terminal] READ LINE
[2025-05-31 22:16:22Z INFO Terminal] Read value: 'Y'
[2025-05-31 22:16:22Z INFO ConfigurationManager] Configuring to run the agent as service
[2025-05-31 22:16:22Z INFO CommandSettings] Arg 'windowslogonaccount': ''
[2025-05-31 22:16:22Z INFO CommandSettings] Flag 'unattended': 'False'
[2025-05-31 22:16:22Z INFO PromptManager] ReadValue
[2025-05-31 22:16:22Z INFO Terminal] WRITE: User account to use for the service 
[2025-05-31 22:16:22Z INFO Terminal] WRITE: [press Enter for NT AUTHORITY\NETWORK SERVICE] 
[2025-05-31 22:16:22Z INFO Terminal] READ LINE
[2025-05-31 22:16:27Z INFO Terminal] Read value: ''
[2025-05-31 22:16:27Z INFO PromptManager] Falling back to the default: 'NT AUTHORITY\NETWORK SERVICE'
[2025-05-31 22:16:27Z INFO WindowsServiceControlManager] LogonAccount after transforming: NT AUTHORITY\NETWORK SERVICE, user: NETWORK SERVICE, domain: NT AUTHORITY
[2025-05-31 22:16:27Z INFO WindowsServiceControlManager] Service name 'actions.runner.YahyaElkhayat-Inventory-service.DESKTOP-7FSQ2A0' display name 'GitHub Actions Runner (YahyaElkhayat-Inventory-service.DESKTOP-7FSQ2A0)' will be used for service configuration.
[2025-05-31 22:16:27Z INFO WindowsServiceControlManager] Verifying if the account has LogonAsService permission
[2025-05-31 22:16:27Z INFO NativeWindowsServiceHelper] Successfully grant logon as service privilege to account 'NETWORK SERVICE'
[2025-05-31 22:16:27Z INFO WindowsServiceControlManager] Create local group and grant folder permission to service logon account.
[2025-05-31 22:16:27Z INFO HostContext] Well known directory 'Bin': 'C:\Users\yahya\Downloads\inventory-service\actions-runner\bin'
[2025-05-31 22:16:27Z INFO HostContext] Well known directory 'Root': 'C:\Users\yahya\Downloads\inventory-service\actions-runner'
[2025-05-31 22:16:27Z INFO ConfigurationStore] Read setting file: 321 chars
[2025-05-31 22:16:27Z INFO HostContext] Well known directory 'Bin': 'C:\Users\yahya\Downloads\inventory-service\actions-runner\bin'
[2025-05-31 22:16:27Z INFO HostContext] Well known directory 'Root': 'C:\Users\yahya\Downloads\inventory-service\actions-runner'
[2025-05-31 22:16:27Z INFO HostContext] Well known directory 'Work': 'C:\Users\yahya\Downloads\inventory-service\actions-runner\_work'
[2025-05-31 22:16:27Z INFO HostContext] Well known directory 'Bin': 'C:\Users\yahya\Downloads\inventory-service\actions-runner\bin'
[2025-05-31 22:16:27Z INFO NativeWindowsServiceHelper] Calculated unique group name GITHUB_ActionsRunner_G75bfa
[2025-05-31 22:16:27Z INFO NativeWindowsServiceHelper] Trying to create group GITHUB_ActionsRunner_G75bfa
[2025-05-31 22:16:27Z INFO NativeWindowsServiceHelper] Local Group 'GITHUB_ActionsRunner_G75bfa' created
[2025-05-31 22:16:27Z INFO NativeWindowsServiceHelper] Trying to add userName NT AUTHORITY\NETWORK SERVICE to the group GITHUB_ActionsRunner_G75bfa
[2025-05-31 22:16:27Z INFO NativeWindowsServiceHelper] Account 'NT AUTHORITY\NETWORK SERVICE' is added to local group 'GITHUB_ActionsRunner_G75bfa'.
[2025-05-31 22:16:27Z INFO NativeWindowsServiceHelper] Set full access control to group for the folder C:\Users\yahya\Downloads\inventory-service\actions-runner
[2025-05-31 22:16:27Z INFO NativeWindowsServiceHelper] Set full access control to group for the folder C:\Users\yahya\Downloads\inventory-service\actions-runner\_work
[2025-05-31 22:16:27Z INFO NativeWindowsServiceHelper] Local group 'GITHUB_ActionsRunner_G75bfa' already has full control to path 'C:\Users\yahya\Downloads\inventory-service\actions-runner\_work'.
[2025-05-31 22:16:27Z INFO Terminal] WRITE LINE: Granting file permissions to 'NT AUTHORITY\NETWORK SERVICE'.
[2025-05-31 22:16:27Z INFO HostContext] Well known directory 'Bin': 'C:\Users\yahya\Downloads\inventory-service\actions-runner\bin'
[2025-05-31 22:16:27Z INFO ProcessInvokerWrapper] Starting process:
[2025-05-31 22:16:27Z INFO ProcessInvokerWrapper]   File name: '"C:\Users\yahya\Downloads\inventory-service\actions-runner\bin\RunnerService.exe"'
[2025-05-31 22:16:27Z INFO ProcessInvokerWrapper]   Arguments: 'init'
[2025-05-31 22:16:27Z INFO ProcessInvokerWrapper]   Working directory: ''
[2025-05-31 22:16:27Z INFO ProcessInvokerWrapper]   Require exit code zero: 'True'
[2025-05-31 22:16:27Z INFO ProcessInvokerWrapper]   Encoding web name:  ; code page: ''
[2025-05-31 22:16:27Z INFO ProcessInvokerWrapper]   Force kill process on cancellation: 'False'
[2025-05-31 22:16:27Z INFO ProcessInvokerWrapper]   Redirected STDIN: 'False'
[2025-05-31 22:16:27Z INFO ProcessInvokerWrapper]   Persist current code page: 'False'
[2025-05-31 22:16:27Z INFO ProcessInvokerWrapper]   Keep redirected STDIN open: 'False'
[2025-05-31 22:16:27Z INFO ProcessInvokerWrapper]   High priority process: 'False'
[2025-05-31 22:16:27Z INFO ProcessInvokerWrapper] Process started with process id 21656, waiting for process exit.
[2025-05-31 22:16:28Z INFO ProcessInvokerWrapper] STDOUT/STDERR stream read finished.
[2025-05-31 22:16:28Z INFO ProcessInvokerWrapper] STDOUT/STDERR stream read finished.
[2025-05-31 22:16:28Z INFO ProcessInvokerWrapper] Finished process 21656 with exit code 0, and elapsed time 00:00:00.4803608.
[2025-05-31 22:16:28Z INFO Terminal] WRITE LINE: Service actions.runner.YahyaElkhayat-Inventory-service.DESKTOP-7FSQ2A0 successfully installed
[2025-05-31 22:16:28Z INFO Terminal] WRITE LINE: Service actions.runner.YahyaElkhayat-Inventory-service.DESKTOP-7FSQ2A0 successfully set recovery option
[2025-05-31 22:16:28Z INFO Terminal] WRITE LINE: Service actions.runner.YahyaElkhayat-Inventory-service.DESKTOP-7FSQ2A0 successfully set to delayed auto start
[2025-05-31 22:16:28Z INFO Terminal] WRITE LINE: Service actions.runner.YahyaElkhayat-Inventory-service.DESKTOP-7FSQ2A0 successfully configured
[2025-05-31 22:16:28Z INFO HostContext] Well known directory 'Bin': 'C:\Users\yahya\Downloads\inventory-service\actions-runner\bin'
[2025-05-31 22:16:28Z INFO HostContext] Well known directory 'Root': 'C:\Users\yahya\Downloads\inventory-service\actions-runner'
[2025-05-31 22:16:28Z INFO HostContext] Well known config file 'Service': 'C:\Users\yahya\Downloads\inventory-service\actions-runner\.service'
[2025-05-31 22:16:28Z INFO WindowsServiceControlManager] Configuration was successful, trying to start the service
[2025-05-31 22:16:28Z INFO Terminal] WRITE LINE: Waiting for service to start...
[2025-05-31 22:16:28Z INFO Terminal] WRITE LINE: Service actions.runner.YahyaElkhayat-Inventory-service.DESKTOP-7FSQ2A0 started successfully
[2025-05-31 22:16:28Z INFO Listener] Runner execution has finished with return code 0
