[2025-05-31 22:16:42Z INFO HostContext] No proxy settings were found based on environmental variables (http_proxy/https_proxy/HTTP_PROXY/HTTPS_PROXY)
[2025-05-31 22:16:42Z INFO HostContext] Well known directory 'Bin': 'C:\Users\yahya\Downloads\inventory-service\actions-runner\bin'
[2025-05-31 22:16:42Z INFO HostContext] Well known directory 'Root': 'C:\Users\yahya\Downloads\inventory-service\actions-runner'
[2025-05-31 22:16:42Z INFO HostContext] Well known config file 'Credentials': 'C:\Users\yahya\Downloads\inventory-service\actions-runner\.credentials'
[2025-05-31 22:16:42Z INFO HostContext] Well known directory 'Bin': 'C:\Users\yahya\Downloads\inventory-service\actions-runner\bin'
[2025-05-31 22:16:42Z INFO HostContext] Well known directory 'Root': 'C:\Users\yahya\Downloads\inventory-service\actions-runner'
[2025-05-31 22:16:42Z INFO HostContext] Well known config file 'Runner': 'C:\Users\yahya\Downloads\inventory-service\actions-runner\.runner'
[2025-05-31 22:16:42Z INFO Listener] Runner is built for Windows (X64) - win-x64.
[2025-05-31 22:16:42Z INFO Listener] RuntimeInformation: Microsoft Windows 10.0.26100.
[2025-05-31 22:16:42Z INFO Listener] Version: 2.324.0
[2025-05-31 22:16:42Z INFO Listener] Commit: da3412efd49b1cf1a0fbdcbcee4e4ac4cc2177c8
[2025-05-31 22:16:42Z INFO Listener] Culture: en-US
[2025-05-31 22:16:42Z INFO Listener] UI Culture: en-US
[2025-05-31 22:16:42Z INFO HostContext] Well known directory 'Bin': 'C:\Users\yahya\Downloads\inventory-service\actions-runner\bin'
[2025-05-31 22:16:42Z INFO HostContext] Well known directory 'Root': 'C:\Users\yahya\Downloads\inventory-service\actions-runner'
[2025-05-31 22:16:42Z INFO Listener] Validating directory permissions for: 'C:\Users\yahya\Downloads\inventory-service\actions-runner'
[2025-05-31 22:16:42Z INFO CommandLineParser] Parse
[2025-05-31 22:16:42Z INFO CommandLineParser] Parsing 1 args
[2025-05-31 22:16:42Z INFO CommandLineParser] parsing argument
[2025-05-31 22:16:42Z INFO CommandLineParser] HasArgs: False
[2025-05-31 22:16:42Z INFO CommandLineParser] Adding Command: run
[2025-05-31 22:16:42Z INFO Listener] Arguments parsed
[2025-05-31 22:16:42Z INFO Runner] ExecuteCommand
[2025-05-31 22:16:42Z INFO ConfigurationStore] currentAssemblyLocation: C:\Users\yahya\Downloads\inventory-service\actions-runner\bin\Runner.Listener.dll
[2025-05-31 22:16:42Z INFO HostContext] Well known directory 'Bin': 'C:\Users\yahya\Downloads\inventory-service\actions-runner\bin'
[2025-05-31 22:16:42Z INFO ConfigurationStore] binPath: C:\Users\yahya\Downloads\inventory-service\actions-runner\bin
[2025-05-31 22:16:42Z INFO HostContext] Well known directory 'Bin': 'C:\Users\yahya\Downloads\inventory-service\actions-runner\bin'
[2025-05-31 22:16:42Z INFO HostContext] Well known directory 'Root': 'C:\Users\yahya\Downloads\inventory-service\actions-runner'
[2025-05-31 22:16:42Z INFO ConfigurationStore] RootFolder: C:\Users\yahya\Downloads\inventory-service\actions-runner
[2025-05-31 22:16:42Z INFO HostContext] Well known directory 'Bin': 'C:\Users\yahya\Downloads\inventory-service\actions-runner\bin'
[2025-05-31 22:16:42Z INFO HostContext] Well known directory 'Root': 'C:\Users\yahya\Downloads\inventory-service\actions-runner'
[2025-05-31 22:16:42Z INFO HostContext] Well known config file 'Runner': 'C:\Users\yahya\Downloads\inventory-service\actions-runner\.runner'
[2025-05-31 22:16:42Z INFO ConfigurationStore] ConfigFilePath: C:\Users\yahya\Downloads\inventory-service\actions-runner\.runner
[2025-05-31 22:16:42Z INFO HostContext] Well known directory 'Bin': 'C:\Users\yahya\Downloads\inventory-service\actions-runner\bin'
[2025-05-31 22:16:42Z INFO HostContext] Well known directory 'Root': 'C:\Users\yahya\Downloads\inventory-service\actions-runner'
[2025-05-31 22:16:42Z INFO HostContext] Well known config file 'MigratedRunner': 'C:\Users\yahya\Downloads\inventory-service\actions-runner\.runner_migrated'
[2025-05-31 22:16:42Z INFO ConfigurationStore] MigratedConfigFilePath: C:\Users\yahya\Downloads\inventory-service\actions-runner\.runner_migrated
[2025-05-31 22:16:42Z INFO HostContext] Well known directory 'Bin': 'C:\Users\yahya\Downloads\inventory-service\actions-runner\bin'
[2025-05-31 22:16:42Z INFO HostContext] Well known directory 'Root': 'C:\Users\yahya\Downloads\inventory-service\actions-runner'
[2025-05-31 22:16:42Z INFO HostContext] Well known config file 'Credentials': 'C:\Users\yahya\Downloads\inventory-service\actions-runner\.credentials'
[2025-05-31 22:16:42Z INFO ConfigurationStore] CredFilePath: C:\Users\yahya\Downloads\inventory-service\actions-runner\.credentials
[2025-05-31 22:16:42Z INFO HostContext] Well known directory 'Bin': 'C:\Users\yahya\Downloads\inventory-service\actions-runner\bin'
[2025-05-31 22:16:42Z INFO HostContext] Well known directory 'Root': 'C:\Users\yahya\Downloads\inventory-service\actions-runner'
[2025-05-31 22:16:42Z INFO HostContext] Well known config file 'MigratedCredentials': 'C:\Users\yahya\Downloads\inventory-service\actions-runner\.credentials_migrated'
[2025-05-31 22:16:42Z INFO ConfigurationStore] MigratedCredFilePath: C:\Users\yahya\Downloads\inventory-service\actions-runner\.credentials_migrated
[2025-05-31 22:16:42Z INFO HostContext] Well known directory 'Bin': 'C:\Users\yahya\Downloads\inventory-service\actions-runner\bin'
[2025-05-31 22:16:42Z INFO HostContext] Well known directory 'Root': 'C:\Users\yahya\Downloads\inventory-service\actions-runner'
[2025-05-31 22:16:42Z INFO HostContext] Well known config file 'Service': 'C:\Users\yahya\Downloads\inventory-service\actions-runner\.service'
[2025-05-31 22:16:42Z INFO ConfigurationStore] ServiceConfigFilePath: C:\Users\yahya\Downloads\inventory-service\actions-runner\.service
[2025-05-31 22:16:42Z INFO CommandSettings] Flag 'help': 'False'
[2025-05-31 22:16:42Z INFO CommandSettings] Flag 'version': 'False'
[2025-05-31 22:16:42Z INFO CommandSettings] Flag 'commit': 'False'
[2025-05-31 22:16:42Z INFO CommandSettings] Flag 'check': 'False'
[2025-05-31 22:16:42Z INFO CommandSettings] Command 'configure': 'False'
[2025-05-31 22:16:42Z INFO CommandSettings] Command 'remove': 'False'
[2025-05-31 22:16:42Z INFO CommandSettings] Command 'warmup': 'False'
[2025-05-31 22:16:42Z INFO ConfigurationManager] LoadSettings
[2025-05-31 22:16:42Z INFO ConfigurationStore] IsConfigured()
[2025-05-31 22:16:42Z INFO ConfigurationStore] IsConfigured: True
[2025-05-31 22:16:42Z INFO ConfigurationManager] Is configured: True
[2025-05-31 22:16:42Z INFO ConfigurationStore] Read setting file: 321 chars
[2025-05-31 22:16:42Z INFO ConfigurationManager] Settings Loaded
[2025-05-31 22:16:42Z INFO ConfigurationStore] IsServiceConfigured()
[2025-05-31 22:16:42Z INFO ConfigurationStore] IsServiceConfigured: True
[2025-05-31 22:16:42Z INFO CommandSettings] Command 'run': 'True'
[2025-05-31 22:16:42Z INFO ConfigurationStore] IsConfigured()
[2025-05-31 22:16:42Z INFO ConfigurationStore] IsConfigured: True
[2025-05-31 22:16:42Z INFO ConfigurationManager] Is configured: True
[2025-05-31 22:16:42Z INFO Runner] Try determine runner startup type base on console redirects.
[2025-05-31 22:16:42Z INFO Runner] Set runner startup type - Manual
[2025-05-31 22:16:42Z INFO CommandSettings] Flag 'once': 'False'
[2025-05-31 22:16:42Z INFO CommandSettings] Flag 'once': 'False'
[2025-05-31 22:16:42Z INFO Runner] RunAsync
[2025-05-31 22:16:42Z INFO ConfigurationManager] LoadMigratedSettings
[2025-05-31 22:16:42Z INFO ConfigurationStore] IsMigratedConfigured()
[2025-05-31 22:16:42Z INFO ConfigurationStore] IsMigratedConfigured: False
[2025-05-31 22:16:42Z INFO Runner] Failed to load migrated settings: No migrated configuration found.
[2025-05-31 22:16:42Z INFO Runner] Falling back to original .runner settings
[2025-05-31 22:16:42Z INFO ConfigurationManager] LoadSettings
[2025-05-31 22:16:42Z INFO ConfigurationStore] IsConfigured()
[2025-05-31 22:16:42Z INFO ConfigurationStore] IsConfigured: True
[2025-05-31 22:16:42Z INFO ConfigurationManager] Is configured: True
[2025-05-31 22:16:42Z INFO ConfigurationManager] Settings Loaded
[2025-05-31 22:16:42Z INFO MessageListener] {
  "AgentId": 22,
  "AgentName": "DESKTOP-7FSQ2A0",
  "PoolId": 1,
  "PoolName": "Default",
  "ServerUrl": "https://pipelinesghubeus3.actions.githubusercontent.com/FntyNZhlPzuAfubsrdf77g0QO1UaJDdYgo0EJnuSpyZdD5cVvH/",
  "GitHubUrl": "https://github.com/YahyaElkhayat/Inventory-service",
  "WorkFolder": "_work"
}
[2025-05-31 22:16:42Z INFO MessageListener] Loading Credentials
[2025-05-31 22:16:42Z INFO ConfigurationStore] HasCredentials()
[2025-05-31 22:16:42Z INFO ConfigurationStore] stored True
[2025-05-31 22:16:42Z INFO CredentialManager] GetCredentialProvider
[2025-05-31 22:16:42Z INFO CredentialManager] Creating type OAuth
[2025-05-31 22:16:42Z INFO CredentialManager] Creating credential type: OAuth
[2025-05-31 22:16:42Z INFO HostContext] Well known directory 'Bin': 'C:\Users\yahya\Downloads\inventory-service\actions-runner\bin'
[2025-05-31 22:16:42Z INFO HostContext] Well known directory 'Root': 'C:\Users\yahya\Downloads\inventory-service\actions-runner'
[2025-05-31 22:16:42Z INFO HostContext] Well known config file 'RSACredentials': 'C:\Users\yahya\Downloads\inventory-service\actions-runner\.credentials_rsaparams'
[2025-05-31 22:16:42Z INFO RSAEncryptedFileKeyManager] Loading RSA key parameters from file C:\Users\yahya\Downloads\inventory-service\actions-runner\.credentials_rsaparams
[2025-05-31 22:16:42Z INFO MessageListener] Attempt to create session.
[2025-05-31 22:16:42Z INFO MessageListener] Connecting to the Runner Server...
[2025-05-31 22:16:42Z INFO RunnerServer] EstablishVssConnection
[2025-05-31 22:16:42Z INFO RunnerServer] Establish connection with 100 seconds timeout.
[2025-05-31 22:16:43Z INFO GitHubActionsService] Starting operation Location.GetConnectionData
[2025-05-31 22:16:43Z INFO RunnerServer] EstablishVssConnection
[2025-05-31 22:16:43Z INFO RunnerServer] Establish connection with 60 seconds timeout.
[2025-05-31 22:16:43Z INFO GitHubActionsService] Starting operation Location.GetConnectionData
[2025-05-31 22:16:43Z INFO RunnerServer] EstablishVssConnection
[2025-05-31 22:16:43Z INFO RunnerServer] Establish connection with 60 seconds timeout.
[2025-05-31 22:16:43Z INFO GitHubActionsService] Starting operation Location.GetConnectionData
[2025-05-31 22:16:43Z INFO GitHubActionsService] Finished operation Location.GetConnectionData
[2025-05-31 22:16:43Z INFO GitHubActionsService] Finished operation Location.GetConnectionData
[2025-05-31 22:16:43Z INFO GitHubActionsService] Finished operation Location.GetConnectionData
[2025-05-31 22:16:43Z INFO MessageListener] VssConnection created
[2025-05-31 22:16:43Z INFO Terminal] WRITE LINE: 
[2025-05-31 22:16:43Z INFO Terminal] WRITE LINE: 
[2025-05-31 22:16:44Z INFO RSAEncryptedFileKeyManager] Loading RSA key parameters from file C:\Users\yahya\Downloads\inventory-service\actions-runner\.credentials_rsaparams
[2025-05-31 22:16:44Z INFO RSAEncryptedFileKeyManager] Loading RSA key parameters from file C:\Users\yahya\Downloads\inventory-service\actions-runner\.credentials_rsaparams
[2025-05-31 22:16:44Z INFO GitHubActionsService] AAD Correlation ID for this token request: Unknown
[2025-05-31 22:16:44Z INFO MessageListener] Session created.
[2025-05-31 22:16:44Z INFO MessageListener] Registering AuthMigrationChanged event handler.
[2025-05-31 22:16:44Z INFO Terminal] WRITE LINE: Current runner version: '2.324.0'
[2025-05-31 22:16:44Z INFO Terminal] WRITE LINE: 2025-05-31 22:16:44Z: Listening for Jobs
[2025-05-31 22:16:44Z INFO JobDispatcher] Set runner/worker IPC timeout to 30 seconds.
[2025-05-31 22:16:45Z INFO ConfigurationStore] HasCredentials()
[2025-05-31 22:16:45Z INFO ConfigurationStore] stored True
[2025-05-31 22:16:45Z INFO CredentialManager] GetCredentialProvider
[2025-05-31 22:16:45Z INFO CredentialManager] Creating type OAuth
[2025-05-31 22:16:45Z INFO CredentialManager] Creating credential type: OAuth
[2025-05-31 22:16:45Z INFO RSAEncryptedFileKeyManager] Loading RSA key parameters from file C:\Users\yahya\Downloads\inventory-service\actions-runner\.credentials_rsaparams
[2025-05-31 22:16:45Z INFO RSAEncryptedFileKeyManager] Loading RSA key parameters from file C:\Users\yahya\Downloads\inventory-service\actions-runner\.credentials_rsaparams
[2025-05-31 22:16:45Z INFO RSAEncryptedFileKeyManager] Loading RSA key parameters from file C:\Users\yahya\Downloads\inventory-service\actions-runner\.credentials_rsaparams
[2025-05-31 22:16:45Z INFO GitHubActionsService] AAD Correlation ID for this token request: Unknown
[2025-05-31 22:16:46Z INFO MessageListener] Message '767815794260914013' received from session 'fb5bd9a5-9d8f-404d-8f7b-06c220b366ee'.
[2025-05-31 22:16:46Z INFO ConfigurationStore] HasCredentials()
[2025-05-31 22:16:46Z INFO ConfigurationStore] stored True
[2025-05-31 22:16:46Z INFO CredentialManager] GetCredentialProvider
[2025-05-31 22:16:46Z INFO CredentialManager] Creating type OAuth
[2025-05-31 22:16:46Z INFO CredentialManager] Creating credential type: OAuth
[2025-05-31 22:16:46Z INFO RSAEncryptedFileKeyManager] Loading RSA key parameters from file C:\Users\yahya\Downloads\inventory-service\actions-runner\.credentials_rsaparams
[2025-05-31 22:16:46Z INFO RSAEncryptedFileKeyManager] Loading RSA key parameters from file C:\Users\yahya\Downloads\inventory-service\actions-runner\.credentials_rsaparams
[2025-05-31 22:16:46Z INFO RSAEncryptedFileKeyManager] Loading RSA key parameters from file C:\Users\yahya\Downloads\inventory-service\actions-runner\.credentials_rsaparams
[2025-05-31 22:16:47Z INFO GitHubActionsService] AAD Correlation ID for this token request: Unknown
[2025-05-31 22:16:48Z INFO JobDispatcher] Job request 0 for plan d83f4dfa-4840-45f5-b88c-17c77549b11d job adc4a320-a0b9-5c5e-9345-c25eec4ec2e2 received.
[2025-05-31 22:16:48Z INFO MessageListener] Received job status event. JobState: Busy
[2025-05-31 22:16:48Z INFO MessageListener] _getMessagesTokenSource is already disposed.
[2025-05-31 22:16:48Z INFO Terminal] WRITE LINE: 2025-05-31 22:16:48Z: Running job: deploy
[2025-05-31 22:16:48Z INFO JobDispatcher] Start renew job request 0 for job adc4a320-a0b9-5c5e-9345-c25eec4ec2e2.
[2025-05-31 22:16:48Z INFO JobDispatcher] Successfully renew job adc4a320-a0b9-5c5e-9345-c25eec4ec2e2, job is valid till 5/31/2025 10:26:35 PM
[2025-05-31 22:16:48Z INFO HostContext] Well known directory 'Bin': 'C:\Users\yahya\Downloads\inventory-service\actions-runner\bin'
[2025-05-31 22:16:48Z INFO ProcessInvokerWrapper] Starting process:
[2025-05-31 22:16:48Z INFO ProcessInvokerWrapper]   File name: 'C:\Users\yahya\Downloads\inventory-service\actions-runner\bin\Runner.Worker.exe'
[2025-05-31 22:16:48Z INFO ProcessInvokerWrapper]   Arguments: 'spawnclient 2320 2332'
[2025-05-31 22:16:48Z INFO ProcessInvokerWrapper]   Working directory: 'C:\Users\yahya\Downloads\inventory-service\actions-runner\bin'
[2025-05-31 22:16:48Z INFO ProcessInvokerWrapper]   Require exit code zero: 'False'
[2025-05-31 22:16:48Z INFO ProcessInvokerWrapper]   Encoding web name:  ; code page: ''
[2025-05-31 22:16:48Z INFO ProcessInvokerWrapper]   Force kill process on cancellation: 'True'
[2025-05-31 22:16:48Z INFO ProcessInvokerWrapper]   Redirected STDIN: 'False'
[2025-05-31 22:16:48Z INFO ProcessInvokerWrapper]   Persist current code page: 'False'
[2025-05-31 22:16:48Z INFO ProcessInvokerWrapper]   Keep redirected STDIN open: 'False'
[2025-05-31 22:16:48Z INFO ProcessInvokerWrapper]   High priority process: 'True'
[2025-05-31 22:16:48Z INFO ProcessInvokerWrapper] Process started with process id 3508, waiting for process exit.
[2025-05-31 22:16:49Z INFO JobDispatcher] Send job request message to worker for job adc4a320-a0b9-5c5e-9345-c25eec4ec2e2.
[2025-05-31 22:16:49Z INFO ProcessChannel] Sending message of length 34571, with hash 'b8a2088a20f22f2385ec9004125fa122a2eaf79720c4d4c6c19bafd0cba6090a'
[2025-05-31 22:16:49Z INFO JobNotification] Entering JobStarted Notification
[2025-05-31 22:16:49Z INFO JobNotification] Entering StartMonitor
[2025-05-31 22:16:50Z INFO ConfigurationStore] HasCredentials()
[2025-05-31 22:16:50Z INFO ConfigurationStore] stored True
[2025-05-31 22:16:50Z INFO CredentialManager] GetCredentialProvider
[2025-05-31 22:16:50Z INFO CredentialManager] Creating type OAuth
[2025-05-31 22:16:50Z INFO CredentialManager] Creating credential type: OAuth
[2025-05-31 22:16:50Z INFO RSAEncryptedFileKeyManager] Loading RSA key parameters from file C:\Users\yahya\Downloads\inventory-service\actions-runner\.credentials_rsaparams
[2025-05-31 22:17:40Z INFO ConfigurationStore] HasCredentials()
[2025-05-31 22:17:40Z INFO ConfigurationStore] stored True
[2025-05-31 22:17:40Z INFO CredentialManager] GetCredentialProvider
[2025-05-31 22:17:40Z INFO CredentialManager] Creating type OAuth
[2025-05-31 22:17:40Z INFO CredentialManager] Creating credential type: OAuth
[2025-05-31 22:17:40Z INFO RSAEncryptedFileKeyManager] Loading RSA key parameters from file C:\Users\yahya\Downloads\inventory-service\actions-runner\.credentials_rsaparams
[2025-05-31 22:17:49Z INFO JobDispatcher] Successfully renew job adc4a320-a0b9-5c5e-9345-c25eec4ec2e2, job is valid till 5/31/2025 10:27:35 PM
[2025-05-31 22:18:30Z INFO ConfigurationStore] HasCredentials()
[2025-05-31 22:18:30Z INFO ConfigurationStore] stored True
[2025-05-31 22:18:30Z INFO CredentialManager] GetCredentialProvider
[2025-05-31 22:18:30Z INFO CredentialManager] Creating type OAuth
[2025-05-31 22:18:30Z INFO CredentialManager] Creating credential type: OAuth
[2025-05-31 22:18:30Z INFO RSAEncryptedFileKeyManager] Loading RSA key parameters from file C:\Users\yahya\Downloads\inventory-service\actions-runner\.credentials_rsaparams
[2025-05-31 22:18:49Z INFO JobDispatcher] Successfully renew job adc4a320-a0b9-5c5e-9345-c25eec4ec2e2, job is valid till 5/31/2025 10:28:35 PM
[2025-05-31 22:19:21Z INFO ConfigurationStore] HasCredentials()
[2025-05-31 22:19:21Z INFO ConfigurationStore] stored True
[2025-05-31 22:19:21Z INFO CredentialManager] GetCredentialProvider
[2025-05-31 22:19:21Z INFO CredentialManager] Creating type OAuth
[2025-05-31 22:19:21Z INFO CredentialManager] Creating credential type: OAuth
[2025-05-31 22:19:21Z INFO RSAEncryptedFileKeyManager] Loading RSA key parameters from file C:\Users\yahya\Downloads\inventory-service\actions-runner\.credentials_rsaparams
[2025-05-31 22:19:49Z INFO JobDispatcher] Successfully renew job adc4a320-a0b9-5c5e-9345-c25eec4ec2e2, job is valid till 5/31/2025 10:29:35 PM
[2025-05-31 22:20:11Z INFO ConfigurationStore] HasCredentials()
[2025-05-31 22:20:11Z INFO ConfigurationStore] stored True
[2025-05-31 22:20:11Z INFO CredentialManager] GetCredentialProvider
[2025-05-31 22:20:11Z INFO CredentialManager] Creating type OAuth
[2025-05-31 22:20:11Z INFO CredentialManager] Creating credential type: OAuth
[2025-05-31 22:20:11Z INFO RSAEncryptedFileKeyManager] Loading RSA key parameters from file C:\Users\yahya\Downloads\inventory-service\actions-runner\.credentials_rsaparams
[2025-05-31 22:20:49Z INFO JobDispatcher] Successfully renew job adc4a320-a0b9-5c5e-9345-c25eec4ec2e2, job is valid till 5/31/2025 10:30:35 PM
[2025-05-31 22:21:01Z INFO ConfigurationStore] HasCredentials()
[2025-05-31 22:21:01Z INFO ConfigurationStore] stored True
[2025-05-31 22:21:01Z INFO CredentialManager] GetCredentialProvider
[2025-05-31 22:21:01Z INFO CredentialManager] Creating type OAuth
[2025-05-31 22:21:01Z INFO CredentialManager] Creating credential type: OAuth
[2025-05-31 22:21:01Z INFO RSAEncryptedFileKeyManager] Loading RSA key parameters from file C:\Users\yahya\Downloads\inventory-service\actions-runner\.credentials_rsaparams
[2025-05-31 22:21:49Z INFO JobDispatcher] Successfully renew job adc4a320-a0b9-5c5e-9345-c25eec4ec2e2, job is valid till 5/31/2025 10:31:35 PM
[2025-05-31 22:21:52Z INFO ConfigurationStore] HasCredentials()
[2025-05-31 22:21:52Z INFO ConfigurationStore] stored True
[2025-05-31 22:21:52Z INFO CredentialManager] GetCredentialProvider
[2025-05-31 22:21:52Z INFO CredentialManager] Creating type OAuth
[2025-05-31 22:21:52Z INFO CredentialManager] Creating credential type: OAuth
[2025-05-31 22:21:52Z INFO RSAEncryptedFileKeyManager] Loading RSA key parameters from file C:\Users\yahya\Downloads\inventory-service\actions-runner\.credentials_rsaparams
[2025-05-31 22:22:42Z INFO ConfigurationStore] HasCredentials()
[2025-05-31 22:22:42Z INFO ConfigurationStore] stored True
[2025-05-31 22:22:42Z INFO CredentialManager] GetCredentialProvider
[2025-05-31 22:22:42Z INFO CredentialManager] Creating type OAuth
[2025-05-31 22:22:42Z INFO CredentialManager] Creating credential type: OAuth
[2025-05-31 22:22:42Z INFO RSAEncryptedFileKeyManager] Loading RSA key parameters from file C:\Users\yahya\Downloads\inventory-service\actions-runner\.credentials_rsaparams
[2025-05-31 22:22:49Z INFO JobDispatcher] Successfully renew job adc4a320-a0b9-5c5e-9345-c25eec4ec2e2, job is valid till 5/31/2025 10:32:36 PM
[2025-05-31 22:23:32Z INFO ConfigurationStore] HasCredentials()
[2025-05-31 22:23:32Z INFO ConfigurationStore] stored True
[2025-05-31 22:23:32Z INFO CredentialManager] GetCredentialProvider
[2025-05-31 22:23:32Z INFO CredentialManager] Creating type OAuth
[2025-05-31 22:23:32Z INFO CredentialManager] Creating credential type: OAuth
[2025-05-31 22:23:32Z INFO RSAEncryptedFileKeyManager] Loading RSA key parameters from file C:\Users\yahya\Downloads\inventory-service\actions-runner\.credentials_rsaparams
[2025-05-31 22:23:49Z INFO JobDispatcher] Successfully renew job adc4a320-a0b9-5c5e-9345-c25eec4ec2e2, job is valid till 5/31/2025 10:33:36 PM
[2025-05-31 22:24:23Z INFO ConfigurationStore] HasCredentials()
[2025-05-31 22:24:23Z INFO ConfigurationStore] stored True
[2025-05-31 22:24:23Z INFO CredentialManager] GetCredentialProvider
[2025-05-31 22:24:23Z INFO CredentialManager] Creating type OAuth
[2025-05-31 22:24:23Z INFO CredentialManager] Creating credential type: OAuth
[2025-05-31 22:24:23Z INFO RSAEncryptedFileKeyManager] Loading RSA key parameters from file C:\Users\yahya\Downloads\inventory-service\actions-runner\.credentials_rsaparams
[2025-05-31 22:24:50Z INFO JobDispatcher] Successfully renew job adc4a320-a0b9-5c5e-9345-c25eec4ec2e2, job is valid till 5/31/2025 10:34:36 PM
[2025-05-31 22:25:13Z INFO ConfigurationStore] HasCredentials()
[2025-05-31 22:25:13Z INFO ConfigurationStore] stored True
[2025-05-31 22:25:13Z INFO CredentialManager] GetCredentialProvider
[2025-05-31 22:25:13Z INFO CredentialManager] Creating type OAuth
[2025-05-31 22:25:13Z INFO CredentialManager] Creating credential type: OAuth
[2025-05-31 22:25:13Z INFO RSAEncryptedFileKeyManager] Loading RSA key parameters from file C:\Users\yahya\Downloads\inventory-service\actions-runner\.credentials_rsaparams
[2025-05-31 22:25:17Z INFO ProcessInvokerWrapper] STDOUT/STDERR stream read finished.
[2025-05-31 22:25:17Z INFO ProcessInvokerWrapper] STDOUT/STDERR stream read finished.
[2025-05-31 22:25:17Z INFO ProcessInvokerWrapper] Finished process 3508 with exit code 1073807364, and elapsed time 00:08:28.8104196.
[2025-05-31 22:25:17Z INFO JobDispatcher] Worker finished for job adc4a320-a0b9-5c5e-9345-c25eec4ec2e2. Code: 1073807364
[2025-05-31 22:25:17Z INFO JobDispatcher] Return code 1073807364 indicate worker encounter an unhandled exception or app crash, attach worker stdout/stderr to JobRequest result.
[2025-05-31 22:25:20Z INFO MessageListener] Message '3151750329638931981' received from session 'fb5bd9a5-9d8f-404d-8f7b-06c220b366ee'.
[2025-05-31 22:25:20Z INFO ConfigurationStore] HasCredentials()
[2025-05-31 22:25:20Z INFO ConfigurationStore] stored True
[2025-05-31 22:25:20Z INFO CredentialManager] GetCredentialProvider
[2025-05-31 22:25:20Z INFO CredentialManager] Creating type OAuth
[2025-05-31 22:25:20Z INFO CredentialManager] Creating credential type: OAuth
[2025-05-31 22:25:20Z INFO RSAEncryptedFileKeyManager] Loading RSA key parameters from file C:\Users\yahya\Downloads\inventory-service\actions-runner\.credentials_rsaparams
[2025-05-31 22:25:20Z INFO RSAEncryptedFileKeyManager] Loading RSA key parameters from file C:\Users\yahya\Downloads\inventory-service\actions-runner\.credentials_rsaparams
[2025-05-31 22:25:20Z INFO JobDispatcher] finish job request for job adc4a320-a0b9-5c5e-9345-c25eec4ec2e2 with result: Failed
[2025-05-31 22:25:20Z INFO Terminal] WRITE LINE: 2025-05-31 22:25:20Z: Job deploy completed with result: Failed
[2025-05-31 22:25:20Z INFO JobDispatcher] Stop renew job request for job adc4a320-a0b9-5c5e-9345-c25eec4ec2e2.
[2025-05-31 22:25:20Z INFO RSAEncryptedFileKeyManager] Loading RSA key parameters from file C:\Users\yahya\Downloads\inventory-service\actions-runner\.credentials_rsaparams
[2025-05-31 22:25:20Z INFO JobDispatcher] job renew has been cancelled, stop renew job adc4a320-a0b9-5c5e-9345-c25eec4ec2e2.
[2025-05-31 22:25:20Z INFO JobNotification] Entering JobCompleted Notification
[2025-05-31 22:25:20Z INFO JobNotification] Entering EndMonitor
[2025-05-31 22:25:20Z INFO MessageListener] Received job status event. JobState: Online
[2025-05-31 22:25:20Z INFO MessageListener] _getMessagesTokenSource is already disposed.
