[2025-05-31 22:30:49Z INFO HostContext] No proxy settings were found based on environmental variables (http_proxy/https_proxy/HTTP_PROXY/HTTPS_PROXY)
[2025-05-31 22:30:49Z INFO HostContext] Well known directory 'Bin': 'C:\Users\yahya\Downloads\inventory-service\actions-runner\bin'
[2025-05-31 22:30:49Z INFO HostContext] Well known directory 'Root': 'C:\Users\yahya\Downloads\inventory-service\actions-runner'
[2025-05-31 22:30:49Z INFO HostContext] Well known config file 'Credentials': 'C:\Users\yahya\Downloads\inventory-service\actions-runner\.credentials'
[2025-05-31 22:30:50Z INFO HostContext] Well known directory 'Bin': 'C:\Users\yahya\Downloads\inventory-service\actions-runner\bin'
[2025-05-31 22:30:50Z INFO HostContext] Well known directory 'Root': 'C:\Users\yahya\Downloads\inventory-service\actions-runner'
[2025-05-31 22:30:50Z INFO HostContext] Well known config file 'Runner': 'C:\Users\yahya\Downloads\inventory-service\actions-runner\.runner'
[2025-05-31 22:30:50Z INFO Listener] Runner is built for Windows (X64) - win-x64.
[2025-05-31 22:30:50Z INFO Listener] RuntimeInformation: Microsoft Windows 10.0.26100.
[2025-05-31 22:30:50Z INFO Listener] Version: 2.324.0
[2025-05-31 22:30:50Z INFO Listener] Commit: da3412efd49b1cf1a0fbdcbcee4e4ac4cc2177c8
[2025-05-31 22:30:50Z INFO Listener] Culture: en-US
[2025-05-31 22:30:50Z INFO Listener] UI Culture: en-US
[2025-05-31 22:30:50Z INFO HostContext] Well known directory 'Bin': 'C:\Users\yahya\Downloads\inventory-service\actions-runner\bin'
[2025-05-31 22:30:50Z INFO HostContext] Well known directory 'Root': 'C:\Users\yahya\Downloads\inventory-service\actions-runner'
[2025-05-31 22:30:50Z INFO Listener] Validating directory permissions for: 'C:\Users\yahya\Downloads\inventory-service\actions-runner'
[2025-05-31 22:30:50Z INFO CommandLineParser] Parse
[2025-05-31 22:30:50Z INFO CommandLineParser] Parsing 1 args
[2025-05-31 22:30:50Z INFO CommandLineParser] parsing argument
[2025-05-31 22:30:50Z INFO CommandLineParser] HasArgs: False
[2025-05-31 22:30:50Z INFO CommandLineParser] Adding Command: run
[2025-05-31 22:30:50Z INFO Listener] Arguments parsed
[2025-05-31 22:30:50Z INFO Runner] ExecuteCommand
[2025-05-31 22:30:50Z INFO ConfigurationStore] currentAssemblyLocation: C:\Users\yahya\Downloads\inventory-service\actions-runner\bin\Runner.Listener.dll
[2025-05-31 22:30:50Z INFO HostContext] Well known directory 'Bin': 'C:\Users\yahya\Downloads\inventory-service\actions-runner\bin'
[2025-05-31 22:30:50Z INFO ConfigurationStore] binPath: C:\Users\yahya\Downloads\inventory-service\actions-runner\bin
[2025-05-31 22:30:50Z INFO HostContext] Well known directory 'Bin': 'C:\Users\yahya\Downloads\inventory-service\actions-runner\bin'
[2025-05-31 22:30:50Z INFO HostContext] Well known directory 'Root': 'C:\Users\yahya\Downloads\inventory-service\actions-runner'
[2025-05-31 22:30:50Z INFO ConfigurationStore] RootFolder: C:\Users\yahya\Downloads\inventory-service\actions-runner
[2025-05-31 22:30:50Z INFO HostContext] Well known directory 'Bin': 'C:\Users\yahya\Downloads\inventory-service\actions-runner\bin'
[2025-05-31 22:30:50Z INFO HostContext] Well known directory 'Root': 'C:\Users\yahya\Downloads\inventory-service\actions-runner'
[2025-05-31 22:30:50Z INFO HostContext] Well known config file 'Runner': 'C:\Users\yahya\Downloads\inventory-service\actions-runner\.runner'
[2025-05-31 22:30:50Z INFO ConfigurationStore] ConfigFilePath: C:\Users\yahya\Downloads\inventory-service\actions-runner\.runner
[2025-05-31 22:30:50Z INFO HostContext] Well known directory 'Bin': 'C:\Users\yahya\Downloads\inventory-service\actions-runner\bin'
[2025-05-31 22:30:50Z INFO HostContext] Well known directory 'Root': 'C:\Users\yahya\Downloads\inventory-service\actions-runner'
[2025-05-31 22:30:50Z INFO HostContext] Well known config file 'MigratedRunner': 'C:\Users\yahya\Downloads\inventory-service\actions-runner\.runner_migrated'
[2025-05-31 22:30:50Z INFO ConfigurationStore] MigratedConfigFilePath: C:\Users\yahya\Downloads\inventory-service\actions-runner\.runner_migrated
[2025-05-31 22:30:50Z INFO HostContext] Well known directory 'Bin': 'C:\Users\yahya\Downloads\inventory-service\actions-runner\bin'
[2025-05-31 22:30:50Z INFO HostContext] Well known directory 'Root': 'C:\Users\yahya\Downloads\inventory-service\actions-runner'
[2025-05-31 22:30:50Z INFO HostContext] Well known config file 'Credentials': 'C:\Users\yahya\Downloads\inventory-service\actions-runner\.credentials'
[2025-05-31 22:30:50Z INFO ConfigurationStore] CredFilePath: C:\Users\yahya\Downloads\inventory-service\actions-runner\.credentials
[2025-05-31 22:30:50Z INFO HostContext] Well known directory 'Bin': 'C:\Users\yahya\Downloads\inventory-service\actions-runner\bin'
[2025-05-31 22:30:50Z INFO HostContext] Well known directory 'Root': 'C:\Users\yahya\Downloads\inventory-service\actions-runner'
[2025-05-31 22:30:50Z INFO HostContext] Well known config file 'MigratedCredentials': 'C:\Users\yahya\Downloads\inventory-service\actions-runner\.credentials_migrated'
[2025-05-31 22:30:50Z INFO ConfigurationStore] MigratedCredFilePath: C:\Users\yahya\Downloads\inventory-service\actions-runner\.credentials_migrated
[2025-05-31 22:30:50Z INFO HostContext] Well known directory 'Bin': 'C:\Users\yahya\Downloads\inventory-service\actions-runner\bin'
[2025-05-31 22:30:50Z INFO HostContext] Well known directory 'Root': 'C:\Users\yahya\Downloads\inventory-service\actions-runner'
[2025-05-31 22:30:50Z INFO HostContext] Well known config file 'Service': 'C:\Users\yahya\Downloads\inventory-service\actions-runner\.service'
[2025-05-31 22:30:50Z INFO ConfigurationStore] ServiceConfigFilePath: C:\Users\yahya\Downloads\inventory-service\actions-runner\.service
[2025-05-31 22:30:50Z INFO CommandSettings] Flag 'help': 'False'
[2025-05-31 22:30:50Z INFO CommandSettings] Flag 'version': 'False'
[2025-05-31 22:30:50Z INFO CommandSettings] Flag 'commit': 'False'
[2025-05-31 22:30:50Z INFO CommandSettings] Flag 'check': 'False'
[2025-05-31 22:30:50Z INFO CommandSettings] Command 'configure': 'False'
[2025-05-31 22:30:50Z INFO CommandSettings] Command 'remove': 'False'
[2025-05-31 22:30:50Z INFO CommandSettings] Command 'warmup': 'False'
[2025-05-31 22:30:50Z INFO ConfigurationManager] LoadSettings
[2025-05-31 22:30:50Z INFO ConfigurationStore] IsConfigured()
[2025-05-31 22:30:50Z INFO ConfigurationStore] IsConfigured: True
[2025-05-31 22:30:50Z INFO ConfigurationManager] Is configured: True
[2025-05-31 22:30:50Z INFO ConfigurationStore] Read setting file: 321 chars
[2025-05-31 22:30:50Z INFO ConfigurationManager] Settings Loaded
[2025-05-31 22:30:50Z INFO ConfigurationStore] IsServiceConfigured()
[2025-05-31 22:30:50Z INFO ConfigurationStore] IsServiceConfigured: True
[2025-05-31 22:30:50Z INFO CommandSettings] Command 'run': 'True'
[2025-05-31 22:30:50Z INFO ConfigurationStore] IsConfigured()
[2025-05-31 22:30:50Z INFO ConfigurationStore] IsConfigured: True
[2025-05-31 22:30:50Z INFO ConfigurationManager] Is configured: True
[2025-05-31 22:30:50Z INFO Runner] Try determine runner startup type base on console redirects.
[2025-05-31 22:30:50Z INFO Runner] Set runner startup type - Manual
[2025-05-31 22:30:50Z INFO CommandSettings] Flag 'once': 'False'
[2025-05-31 22:30:50Z INFO CommandSettings] Flag 'once': 'False'
[2025-05-31 22:30:50Z INFO Runner] RunAsync
[2025-05-31 22:30:50Z INFO ConfigurationManager] LoadMigratedSettings
[2025-05-31 22:30:50Z INFO ConfigurationStore] IsMigratedConfigured()
[2025-05-31 22:30:50Z INFO ConfigurationStore] IsMigratedConfigured: False
[2025-05-31 22:30:50Z INFO Runner] Failed to load migrated settings: No migrated configuration found.
[2025-05-31 22:30:50Z INFO Runner] Falling back to original .runner settings
[2025-05-31 22:30:50Z INFO ConfigurationManager] LoadSettings
[2025-05-31 22:30:50Z INFO ConfigurationStore] IsConfigured()
[2025-05-31 22:30:50Z INFO ConfigurationStore] IsConfigured: True
[2025-05-31 22:30:50Z INFO ConfigurationManager] Is configured: True
[2025-05-31 22:30:50Z INFO ConfigurationManager] Settings Loaded
[2025-05-31 22:30:50Z INFO MessageListener] {
  "AgentId": 22,
  "AgentName": "DESKTOP-7FSQ2A0",
  "PoolId": 1,
  "PoolName": "Default",
  "ServerUrl": "https://pipelinesghubeus3.actions.githubusercontent.com/FntyNZhlPzuAfubsrdf77g0QO1UaJDdYgo0EJnuSpyZdD5cVvH/",
  "GitHubUrl": "https://github.com/YahyaElkhayat/Inventory-service",
  "WorkFolder": "_work"
}
[2025-05-31 22:30:50Z INFO MessageListener] Loading Credentials
[2025-05-31 22:30:50Z INFO ConfigurationStore] HasCredentials()
[2025-05-31 22:30:50Z INFO ConfigurationStore] stored True
[2025-05-31 22:30:50Z INFO CredentialManager] GetCredentialProvider
[2025-05-31 22:30:50Z INFO CredentialManager] Creating type OAuth
[2025-05-31 22:30:50Z INFO CredentialManager] Creating credential type: OAuth
[2025-05-31 22:30:50Z INFO HostContext] Well known directory 'Bin': 'C:\Users\yahya\Downloads\inventory-service\actions-runner\bin'
[2025-05-31 22:30:50Z INFO HostContext] Well known directory 'Root': 'C:\Users\yahya\Downloads\inventory-service\actions-runner'
[2025-05-31 22:30:50Z INFO HostContext] Well known config file 'RSACredentials': 'C:\Users\yahya\Downloads\inventory-service\actions-runner\.credentials_rsaparams'
[2025-05-31 22:30:50Z INFO RSAEncryptedFileKeyManager] Loading RSA key parameters from file C:\Users\yahya\Downloads\inventory-service\actions-runner\.credentials_rsaparams
[2025-05-31 22:30:50Z INFO MessageListener] Attempt to create session.
[2025-05-31 22:30:50Z INFO MessageListener] Connecting to the Runner Server...
[2025-05-31 22:30:50Z INFO RunnerServer] EstablishVssConnection
[2025-05-31 22:30:50Z INFO RunnerServer] Establish connection with 100 seconds timeout.
[2025-05-31 22:30:50Z INFO GitHubActionsService] Starting operation Location.GetConnectionData
[2025-05-31 22:30:50Z INFO RunnerServer] EstablishVssConnection
[2025-05-31 22:30:50Z INFO RunnerServer] Establish connection with 60 seconds timeout.
[2025-05-31 22:30:50Z INFO GitHubActionsService] Starting operation Location.GetConnectionData
[2025-05-31 22:30:50Z INFO RunnerServer] EstablishVssConnection
[2025-05-31 22:30:50Z INFO RunnerServer] Establish connection with 60 seconds timeout.
[2025-05-31 22:30:50Z INFO GitHubActionsService] Starting operation Location.GetConnectionData
[2025-05-31 22:30:51Z INFO GitHubActionsService] Finished operation Location.GetConnectionData
[2025-05-31 22:30:51Z INFO GitHubActionsService] Finished operation Location.GetConnectionData
[2025-05-31 22:30:51Z INFO GitHubActionsService] Finished operation Location.GetConnectionData
[2025-05-31 22:30:51Z INFO MessageListener] VssConnection created
[2025-05-31 22:30:51Z INFO Terminal] WRITE LINE: 
[2025-05-31 22:30:51Z INFO Terminal] WRITE LINE: 
[2025-05-31 22:30:51Z INFO RSAEncryptedFileKeyManager] Loading RSA key parameters from file C:\Users\yahya\Downloads\inventory-service\actions-runner\.credentials_rsaparams
[2025-05-31 22:30:51Z INFO RSAEncryptedFileKeyManager] Loading RSA key parameters from file C:\Users\yahya\Downloads\inventory-service\actions-runner\.credentials_rsaparams
[2025-05-31 22:30:52Z INFO GitHubActionsService] AAD Correlation ID for this token request: Unknown
[2025-05-31 22:30:52Z INFO MessageListener] Session created.
[2025-05-31 22:30:52Z INFO MessageListener] Registering AuthMigrationChanged event handler.
[2025-05-31 22:30:52Z INFO Terminal] WRITE LINE: Current runner version: '2.324.0'
[2025-05-31 22:30:52Z INFO Terminal] WRITE LINE: 2025-05-31 22:30:52Z: Listening for Jobs
[2025-05-31 22:30:52Z INFO JobDispatcher] Set runner/worker IPC timeout to 30 seconds.
[2025-05-31 22:30:52Z INFO ConfigurationStore] HasCredentials()
[2025-05-31 22:30:52Z INFO ConfigurationStore] stored True
[2025-05-31 22:30:52Z INFO CredentialManager] GetCredentialProvider
[2025-05-31 22:30:52Z INFO CredentialManager] Creating type OAuth
[2025-05-31 22:30:52Z INFO CredentialManager] Creating credential type: OAuth
[2025-05-31 22:30:52Z INFO RSAEncryptedFileKeyManager] Loading RSA key parameters from file C:\Users\yahya\Downloads\inventory-service\actions-runner\.credentials_rsaparams
[2025-05-31 22:30:52Z INFO RSAEncryptedFileKeyManager] Loading RSA key parameters from file C:\Users\yahya\Downloads\inventory-service\actions-runner\.credentials_rsaparams
[2025-05-31 22:30:52Z INFO RSAEncryptedFileKeyManager] Loading RSA key parameters from file C:\Users\yahya\Downloads\inventory-service\actions-runner\.credentials_rsaparams
[2025-05-31 22:30:53Z INFO GitHubActionsService] AAD Correlation ID for this token request: Unknown
[2025-05-31 22:30:54Z INFO MessageListener] Message '6969844048166680898' received from session '777f07a0-8276-4f3c-a61d-107245aa636f'.
[2025-05-31 22:30:54Z INFO ConfigurationStore] HasCredentials()
[2025-05-31 22:30:54Z INFO ConfigurationStore] stored True
[2025-05-31 22:30:54Z INFO CredentialManager] GetCredentialProvider
[2025-05-31 22:30:54Z INFO CredentialManager] Creating type OAuth
[2025-05-31 22:30:54Z INFO CredentialManager] Creating credential type: OAuth
[2025-05-31 22:30:54Z INFO RSAEncryptedFileKeyManager] Loading RSA key parameters from file C:\Users\yahya\Downloads\inventory-service\actions-runner\.credentials_rsaparams
[2025-05-31 22:30:54Z INFO RSAEncryptedFileKeyManager] Loading RSA key parameters from file C:\Users\yahya\Downloads\inventory-service\actions-runner\.credentials_rsaparams
[2025-05-31 22:30:54Z INFO RSAEncryptedFileKeyManager] Loading RSA key parameters from file C:\Users\yahya\Downloads\inventory-service\actions-runner\.credentials_rsaparams
[2025-05-31 22:30:54Z INFO GitHubActionsService] AAD Correlation ID for this token request: Unknown
[2025-05-31 22:30:55Z INFO JobDispatcher] Job request 0 for plan eb6a72fa-61a8-4464-bcc9-e75cdb487ff4 job b64ea7d8-35c5-5e9e-8abf-36ed58973e22 received.
[2025-05-31 22:30:55Z INFO MessageListener] Received job status event. JobState: Busy
[2025-05-31 22:30:55Z INFO MessageListener] _getMessagesTokenSource is already disposed.
[2025-05-31 22:30:55Z INFO Terminal] WRITE LINE: 2025-05-31 22:30:55Z: Running job: deploy
[2025-05-31 22:30:55Z INFO JobDispatcher] Start renew job request 0 for job b64ea7d8-35c5-5e9e-8abf-36ed58973e22.
[2025-05-31 22:30:56Z INFO JobDispatcher] Successfully renew job b64ea7d8-35c5-5e9e-8abf-36ed58973e22, job is valid till 5/31/2025 10:40:43 PM
[2025-05-31 22:30:56Z INFO HostContext] Well known directory 'Bin': 'C:\Users\yahya\Downloads\inventory-service\actions-runner\bin'
[2025-05-31 22:30:56Z INFO ProcessInvokerWrapper] Starting process:
[2025-05-31 22:30:56Z INFO ProcessInvokerWrapper]   File name: 'C:\Users\yahya\Downloads\inventory-service\actions-runner\bin\Runner.Worker.exe'
[2025-05-31 22:30:56Z INFO ProcessInvokerWrapper]   Arguments: 'spawnclient 2312 2276'
[2025-05-31 22:30:56Z INFO ProcessInvokerWrapper]   Working directory: 'C:\Users\yahya\Downloads\inventory-service\actions-runner\bin'
[2025-05-31 22:30:56Z INFO ProcessInvokerWrapper]   Require exit code zero: 'False'
[2025-05-31 22:30:56Z INFO ProcessInvokerWrapper]   Encoding web name:  ; code page: ''
[2025-05-31 22:30:56Z INFO ProcessInvokerWrapper]   Force kill process on cancellation: 'True'
[2025-05-31 22:30:56Z INFO ProcessInvokerWrapper]   Redirected STDIN: 'False'
[2025-05-31 22:30:56Z INFO ProcessInvokerWrapper]   Persist current code page: 'False'
[2025-05-31 22:30:56Z INFO ProcessInvokerWrapper]   Keep redirected STDIN open: 'False'
[2025-05-31 22:30:56Z INFO ProcessInvokerWrapper]   High priority process: 'True'
[2025-05-31 22:30:56Z INFO ProcessInvokerWrapper] Process started with process id 16688, waiting for process exit.
[2025-05-31 22:30:56Z INFO JobDispatcher] Send job request message to worker for job b64ea7d8-35c5-5e9e-8abf-36ed58973e22.
[2025-05-31 22:30:56Z INFO ProcessChannel] Sending message of length 34593, with hash '4a31c466a78ef1e1b8c429053c15f29e9bce32637454f6404bed07ee279892d3'
[2025-05-31 22:30:57Z INFO ConfigurationStore] HasCredentials()
[2025-05-31 22:30:57Z INFO ConfigurationStore] stored True
[2025-05-31 22:30:57Z INFO CredentialManager] GetCredentialProvider
[2025-05-31 22:30:57Z INFO CredentialManager] Creating type OAuth
[2025-05-31 22:30:57Z INFO CredentialManager] Creating credential type: OAuth
[2025-05-31 22:30:57Z INFO RSAEncryptedFileKeyManager] Loading RSA key parameters from file C:\Users\yahya\Downloads\inventory-service\actions-runner\.credentials_rsaparams
[2025-05-31 22:30:57Z INFO JobNotification] Entering JobStarted Notification
[2025-05-31 22:30:57Z INFO JobNotification] Entering StartMonitor
[2025-05-31 22:31:47Z INFO ConfigurationStore] HasCredentials()
[2025-05-31 22:31:47Z INFO ConfigurationStore] stored True
[2025-05-31 22:31:47Z INFO CredentialManager] GetCredentialProvider
[2025-05-31 22:31:47Z INFO CredentialManager] Creating type OAuth
[2025-05-31 22:31:47Z INFO CredentialManager] Creating credential type: OAuth
[2025-05-31 22:31:47Z INFO RSAEncryptedFileKeyManager] Loading RSA key parameters from file C:\Users\yahya\Downloads\inventory-service\actions-runner\.credentials_rsaparams
[2025-05-31 22:31:57Z INFO JobDispatcher] Successfully renew job b64ea7d8-35c5-5e9e-8abf-36ed58973e22, job is valid till 5/31/2025 10:41:44 PM
[2025-05-31 22:32:38Z INFO ConfigurationStore] HasCredentials()
[2025-05-31 22:32:38Z INFO ConfigurationStore] stored True
[2025-05-31 22:32:38Z INFO CredentialManager] GetCredentialProvider
[2025-05-31 22:32:38Z INFO CredentialManager] Creating type OAuth
[2025-05-31 22:32:38Z INFO CredentialManager] Creating credential type: OAuth
[2025-05-31 22:32:38Z INFO RSAEncryptedFileKeyManager] Loading RSA key parameters from file C:\Users\yahya\Downloads\inventory-service\actions-runner\.credentials_rsaparams
[2025-05-31 22:32:57Z INFO JobDispatcher] Successfully renew job b64ea7d8-35c5-5e9e-8abf-36ed58973e22, job is valid till 5/31/2025 10:42:44 PM
[2025-05-31 22:33:28Z INFO ConfigurationStore] HasCredentials()
[2025-05-31 22:33:28Z INFO ConfigurationStore] stored True
[2025-05-31 22:33:28Z INFO CredentialManager] GetCredentialProvider
[2025-05-31 22:33:28Z INFO CredentialManager] Creating type OAuth
[2025-05-31 22:33:28Z INFO CredentialManager] Creating credential type: OAuth
[2025-05-31 22:33:28Z INFO RSAEncryptedFileKeyManager] Loading RSA key parameters from file C:\Users\yahya\Downloads\inventory-service\actions-runner\.credentials_rsaparams
[2025-05-31 22:33:57Z INFO JobDispatcher] Successfully renew job b64ea7d8-35c5-5e9e-8abf-36ed58973e22, job is valid till 5/31/2025 10:43:44 PM
[2025-05-31 22:34:19Z INFO ConfigurationStore] HasCredentials()
[2025-05-31 22:34:19Z INFO ConfigurationStore] stored True
[2025-05-31 22:34:19Z INFO CredentialManager] GetCredentialProvider
[2025-05-31 22:34:19Z INFO CredentialManager] Creating type OAuth
[2025-05-31 22:34:19Z INFO CredentialManager] Creating credential type: OAuth
[2025-05-31 22:34:19Z INFO RSAEncryptedFileKeyManager] Loading RSA key parameters from file C:\Users\yahya\Downloads\inventory-service\actions-runner\.credentials_rsaparams
[2025-05-31 22:34:57Z INFO JobDispatcher] Successfully renew job b64ea7d8-35c5-5e9e-8abf-36ed58973e22, job is valid till 5/31/2025 10:44:44 PM
[2025-05-31 22:35:09Z INFO ConfigurationStore] HasCredentials()
[2025-05-31 22:35:09Z INFO ConfigurationStore] stored True
[2025-05-31 22:35:09Z INFO CredentialManager] GetCredentialProvider
[2025-05-31 22:35:09Z INFO CredentialManager] Creating type OAuth
[2025-05-31 22:35:09Z INFO CredentialManager] Creating credential type: OAuth
[2025-05-31 22:35:09Z INFO RSAEncryptedFileKeyManager] Loading RSA key parameters from file C:\Users\yahya\Downloads\inventory-service\actions-runner\.credentials_rsaparams
[2025-05-31 22:35:40Z INFO ProcessInvokerWrapper] STDOUT/STDERR stream read finished.
[2025-05-31 22:35:40Z INFO ProcessInvokerWrapper] STDOUT/STDERR stream read finished.
[2025-05-31 22:35:40Z INFO ProcessInvokerWrapper] Finished process 16688 with exit code 100, and elapsed time 00:04:43.9609365.
[2025-05-31 22:35:40Z INFO JobDispatcher] Worker finished for job b64ea7d8-35c5-5e9e-8abf-36ed58973e22. Code: 100
[2025-05-31 22:35:40Z INFO JobDispatcher] finish job request for job b64ea7d8-35c5-5e9e-8abf-36ed58973e22 with result: Succeeded
[2025-05-31 22:35:40Z INFO Terminal] WRITE LINE: 2025-05-31 22:35:40Z: Job deploy completed with result: Succeeded
[2025-05-31 22:35:40Z INFO JobDispatcher] Stop renew job request for job b64ea7d8-35c5-5e9e-8abf-36ed58973e22.
[2025-05-31 22:35:40Z INFO JobDispatcher] job renew has been cancelled, stop renew job b64ea7d8-35c5-5e9e-8abf-36ed58973e22.
[2025-05-31 22:35:40Z INFO JobNotification] Entering JobCompleted Notification
[2025-05-31 22:35:40Z INFO JobNotification] Entering EndMonitor
[2025-05-31 22:35:40Z INFO MessageListener] Received job status event. JobState: Online
[2025-05-31 22:35:40Z INFO MessageListener] Message '1564788595519585168' received from session '777f07a0-8276-4f3c-a61d-107245aa636f'.
[2025-05-31 22:35:40Z INFO ConfigurationStore] HasCredentials()
[2025-05-31 22:35:40Z INFO ConfigurationStore] stored True
[2025-05-31 22:35:40Z INFO CredentialManager] GetCredentialProvider
[2025-05-31 22:35:40Z INFO CredentialManager] Creating type OAuth
[2025-05-31 22:35:40Z INFO CredentialManager] Creating credential type: OAuth
[2025-05-31 22:35:40Z INFO RSAEncryptedFileKeyManager] Loading RSA key parameters from file C:\Users\yahya\Downloads\inventory-service\actions-runner\.credentials_rsaparams
[2025-05-31 22:35:40Z INFO RSAEncryptedFileKeyManager] Loading RSA key parameters from file C:\Users\yahya\Downloads\inventory-service\actions-runner\.credentials_rsaparams
[2025-05-31 22:35:40Z INFO RSAEncryptedFileKeyManager] Loading RSA key parameters from file C:\Users\yahya\Downloads\inventory-service\actions-runner\.credentials_rsaparams
[2025-05-31 22:35:41Z INFO GitHubActionsService] AAD Correlation ID for this token request: Unknown
[2025-05-31 22:35:41Z INFO JobDispatcher] Job request 0 for plan 42cea1ad-f4bc-447c-990b-b3932a978590 job b5da4596-f1df-572c-944a-78be2ea08663 received.
[2025-05-31 22:35:41Z INFO MessageListener] Received job status event. JobState: Busy
[2025-05-31 22:35:41Z INFO MessageListener] _getMessagesTokenSource is already disposed.
[2025-05-31 22:35:41Z INFO JobDispatcher] Job request b64ea7d8-35c5-5e9e-8abf-36ed58973e22 processed succeed.
[2025-05-31 22:35:41Z INFO Terminal] WRITE LINE: 2025-05-31 22:35:41Z: Running job: deploy
[2025-05-31 22:35:41Z INFO JobDispatcher] Start renew job request 0 for job b5da4596-f1df-572c-944a-78be2ea08663.
[2025-05-31 22:35:42Z INFO JobDispatcher] Successfully renew job b5da4596-f1df-572c-944a-78be2ea08663, job is valid till 5/31/2025 10:45:29 PM
[2025-05-31 22:35:42Z INFO HostContext] Well known directory 'Bin': 'C:\Users\yahya\Downloads\inventory-service\actions-runner\bin'
[2025-05-31 22:35:42Z INFO ProcessInvokerWrapper] Starting process:
[2025-05-31 22:35:42Z INFO ProcessInvokerWrapper]   File name: 'C:\Users\yahya\Downloads\inventory-service\actions-runner\bin\Runner.Worker.exe'
[2025-05-31 22:35:42Z INFO ProcessInvokerWrapper]   Arguments: 'spawnclient 2488 2492'
[2025-05-31 22:35:42Z INFO ProcessInvokerWrapper]   Working directory: 'C:\Users\yahya\Downloads\inventory-service\actions-runner\bin'
[2025-05-31 22:35:42Z INFO ProcessInvokerWrapper]   Require exit code zero: 'False'
[2025-05-31 22:35:42Z INFO ProcessInvokerWrapper]   Encoding web name:  ; code page: ''
[2025-05-31 22:35:42Z INFO ProcessInvokerWrapper]   Force kill process on cancellation: 'True'
[2025-05-31 22:35:42Z INFO ProcessInvokerWrapper]   Redirected STDIN: 'False'
[2025-05-31 22:35:42Z INFO ProcessInvokerWrapper]   Persist current code page: 'False'
[2025-05-31 22:35:42Z INFO ProcessInvokerWrapper]   Keep redirected STDIN open: 'False'
[2025-05-31 22:35:42Z INFO ProcessInvokerWrapper]   High priority process: 'True'
[2025-05-31 22:35:42Z INFO ProcessInvokerWrapper] Process started with process id 20072, waiting for process exit.
[2025-05-31 22:35:42Z INFO JobDispatcher] Send job request message to worker for job b5da4596-f1df-572c-944a-78be2ea08663.
[2025-05-31 22:35:42Z INFO ProcessChannel] Sending message of length 34553, with hash '0c434d43b61c87d8131ebd5c48331b1e6660bc7833a9a440c32ffb995b5cb9ae'
[2025-05-31 22:35:43Z INFO JobNotification] Entering JobStarted Notification
[2025-05-31 22:35:43Z INFO JobNotification] Entering StartMonitor
[2025-05-31 22:35:43Z INFO ConfigurationStore] HasCredentials()
[2025-05-31 22:35:43Z INFO ConfigurationStore] stored True
[2025-05-31 22:35:43Z INFO CredentialManager] GetCredentialProvider
[2025-05-31 22:35:43Z INFO CredentialManager] Creating type OAuth
[2025-05-31 22:35:43Z INFO CredentialManager] Creating credential type: OAuth
[2025-05-31 22:35:43Z INFO RSAEncryptedFileKeyManager] Loading RSA key parameters from file C:\Users\yahya\Downloads\inventory-service\actions-runner\.credentials_rsaparams
[2025-05-31 22:36:33Z INFO ConfigurationStore] HasCredentials()
[2025-05-31 22:36:33Z INFO ConfigurationStore] stored True
[2025-05-31 22:36:33Z INFO CredentialManager] GetCredentialProvider
[2025-05-31 22:36:33Z INFO CredentialManager] Creating type OAuth
[2025-05-31 22:36:33Z INFO CredentialManager] Creating credential type: OAuth
[2025-05-31 22:36:33Z INFO RSAEncryptedFileKeyManager] Loading RSA key parameters from file C:\Users\yahya\Downloads\inventory-service\actions-runner\.credentials_rsaparams
[2025-05-31 22:36:42Z INFO JobDispatcher] Successfully renew job b5da4596-f1df-572c-944a-78be2ea08663, job is valid till 5/31/2025 10:46:29 PM
[2025-05-31 22:37:04Z INFO Terminal] WRITE LINE: Exiting...
[2025-05-31 22:37:04Z INFO ConfigurationStore] IsServiceConfigured()
[2025-05-31 22:37:04Z INFO ConfigurationStore] IsServiceConfigured: True
[2025-05-31 22:37:04Z INFO Runner] Received Ctrl-C signal, stop Runner.Listener and Runner.Worker.
[2025-05-31 22:37:04Z INFO HostContext] Runner will be shutdown for UserCancelled
[2025-05-31 22:37:04Z WARN GitHubActionsService] GET request to https://broker.actions.githubusercontent.com/message?sessionId=777f07a0-8276-4f3c-a61d-107245aa636f&status=Busy&runnerVersion=2.324.0&os=Windows&architecture=X64&disableUpdate=false has been cancelled.
[2025-05-31 22:37:04Z ERR  BrokerServer] Catch exception during request
[2025-05-31 22:37:04Z ERR  BrokerServer] System.Threading.Tasks.TaskCanceledException: The operation was canceled.
 ---> System.Threading.Tasks.TaskCanceledException: The operation was canceled.
 ---> System.IO.IOException: Unable to read data from the transport connection: The I/O operation has been aborted because of either a thread exit or an application request..
 ---> System.Net.Sockets.SocketException (995): The I/O operation has been aborted because of either a thread exit or an application request.
   --- End of inner exception stack trace ---
   at System.Net.Sockets.Socket.AwaitableSocketAsyncEventArgs.ThrowException(SocketError error, CancellationToken cancellationToken)
   at System.Net.Sockets.Socket.AwaitableSocketAsyncEventArgs.System.Threading.Tasks.Sources.IValueTaskSource<System.Int32>.GetResult(Int16 token)
   at System.Net.Security.SslStream.EnsureFullTlsFrameAsync[TIOAdapter](CancellationToken cancellationToken, Int32 estimatedSize)
   at System.Runtime.CompilerServices.PoolingAsyncValueTaskMethodBuilder`1.StateMachineBox`1.System.Threading.Tasks.Sources.IValueTaskSource<TResult>.GetResult(Int16 token)
   at System.Net.Security.SslStream.ReadAsyncInternal[TIOAdapter](Memory`1 buffer, CancellationToken cancellationToken)
   at System.Runtime.CompilerServices.PoolingAsyncValueTaskMethodBuilder`1.StateMachineBox`1.System.Threading.Tasks.Sources.IValueTaskSource<TResult>.GetResult(Int16 token)
   at System.Net.Http.HttpConnection.SendAsync(HttpRequestMessage request, Boolean async, CancellationToken cancellationToken)
   --- End of inner exception stack trace ---
   at System.Net.Http.HttpConnection.SendAsync(HttpRequestMessage request, Boolean async, CancellationToken cancellationToken)
   at System.Net.Http.AuthenticationHelper.SendWithNtAuthAsync(HttpRequestMessage request, Uri authUri, Boolean async, ICredentials credentials, Boolean isProxyAuth, HttpConnection connection, HttpConnectionPool connectionPool, CancellationToken cancellationToken)
   at System.Net.Http.HttpConnectionPool.SendWithVersionDetectionAndRetryAsync(HttpRequestMessage request, Boolean async, Boolean doRequestAuth, CancellationToken cancellationToken)
   at System.Net.Http.AuthenticationHelper.SendWithAuthAsync(HttpRequestMessage request, Uri authUri, Boolean async, ICredentials credentials, Boolean preAuthenticate, Boolean isProxyAuth, Boolean doRequestAuth, HttpConnectionPool pool, CancellationToken cancellationToken)
   at System.Net.Http.RedirectHandler.SendAsync(HttpRequestMessage request, Boolean async, CancellationToken cancellationToken)
   at GitHub.Services.Common.RawHttpMessageHandler.SendAsync(HttpRequestMessage request, CancellationToken cancellationToken)
   at GitHub.Services.Common.VssHttpRetryMessageHandler.SendAsync(HttpRequestMessage request, CancellationToken cancellationToken)
   at System.Net.Http.HttpClient.<SendAsync>g__Core|83_0(HttpRequestMessage request, HttpCompletionOption completionOption, CancellationTokenSource cts, Boolean disposeCts, CancellationTokenSource pendingRequestsCts, CancellationToken originalCancellationToken)
   --- End of inner exception stack trace ---
   at System.Net.Http.HttpClient.HandleFailure(Exception e, Boolean telemetryStarted, HttpResponseMessage response, CancellationTokenSource cts, CancellationToken cancellationToken, CancellationTokenSource pendingRequestsCts)
   at System.Net.Http.HttpClient.<SendAsync>g__Core|83_0(HttpRequestMessage request, HttpCompletionOption completionOption, CancellationTokenSource cts, Boolean disposeCts, CancellationTokenSource pendingRequestsCts, CancellationToken originalCancellationToken)
   at Sdk.WebApi.WebApi.RawHttpClientBase.SendAsync(HttpRequestMessage message, HttpCompletionOption completionOption, Object userState, CancellationToken cancellationToken)
   at Sdk.WebApi.WebApi.RawHttpClientBase.SendAsync[T](HttpRequestMessage message, Boolean readErrorBody, Object userState, CancellationToken cancellationToken)
   at Sdk.WebApi.WebApi.RawHttpClientBase.SendAsync[T](HttpMethod method, IEnumerable`1 additionalHeaders, Uri requestUri, HttpContent content, IEnumerable`1 queryParameters, Boolean readErrorBody, Object userState, CancellationToken cancellationToken)
   at GitHub.Actions.RunService.WebApi.BrokerHttpClient.GetRunnerMessageAsync(Nullable`1 sessionId, String runnerVersion, Nullable`1 status, String os, String architecture, Nullable`1 disableUpdate, CancellationToken cancellationToken)
   at GitHub.Runner.Common.BrokerServer.<>c__DisplayClass7_0.<<GetRunnerMessageAsync>b__0>d.MoveNext()
--- End of stack trace from previous location ---
   at GitHub.Runner.Common.RunnerService.RetryRequest[T](Func`1 func, CancellationToken cancellationToken, Int32 maxRetryAttemptsCount, Func`2 shouldRetry)
[2025-05-31 22:37:04Z ERR  BrokerServer] #####################################################
[2025-05-31 22:37:04Z ERR  BrokerServer] System.Threading.Tasks.TaskCanceledException: The operation was canceled.
 ---> System.IO.IOException: Unable to read data from the transport connection: The I/O operation has been aborted because of either a thread exit or an application request..
 ---> System.Net.Sockets.SocketException (995): The I/O operation has been aborted because of either a thread exit or an application request.
   --- End of inner exception stack trace ---
   at System.Net.Sockets.Socket.AwaitableSocketAsyncEventArgs.ThrowException(SocketError error, CancellationToken cancellationToken)
   at System.Net.Sockets.Socket.AwaitableSocketAsyncEventArgs.System.Threading.Tasks.Sources.IValueTaskSource<System.Int32>.GetResult(Int16 token)
   at System.Net.Security.SslStream.EnsureFullTlsFrameAsync[TIOAdapter](CancellationToken cancellationToken, Int32 estimatedSize)
   at System.Runtime.CompilerServices.PoolingAsyncValueTaskMethodBuilder`1.StateMachineBox`1.System.Threading.Tasks.Sources.IValueTaskSource<TResult>.GetResult(Int16 token)
   at System.Net.Security.SslStream.ReadAsyncInternal[TIOAdapter](Memory`1 buffer, CancellationToken cancellationToken)
   at System.Runtime.CompilerServices.PoolingAsyncValueTaskMethodBuilder`1.StateMachineBox`1.System.Threading.Tasks.Sources.IValueTaskSource<TResult>.GetResult(Int16 token)
   at System.Net.Http.HttpConnection.SendAsync(HttpRequestMessage request, Boolean async, CancellationToken cancellationToken)
   --- End of inner exception stack trace ---
   at System.Net.Http.HttpConnection.SendAsync(HttpRequestMessage request, Boolean async, CancellationToken cancellationToken)
   at System.Net.Http.AuthenticationHelper.SendWithNtAuthAsync(HttpRequestMessage request, Uri authUri, Boolean async, ICredentials credentials, Boolean isProxyAuth, HttpConnection connection, HttpConnectionPool connectionPool, CancellationToken cancellationToken)
   at System.Net.Http.HttpConnectionPool.SendWithVersionDetectionAndRetryAsync(HttpRequestMessage request, Boolean async, Boolean doRequestAuth, CancellationToken cancellationToken)
   at System.Net.Http.AuthenticationHelper.SendWithAuthAsync(HttpRequestMessage request, Uri authUri, Boolean async, ICredentials credentials, Boolean preAuthenticate, Boolean isProxyAuth, Boolean doRequestAuth, HttpConnectionPool pool, CancellationToken cancellationToken)
   at System.Net.Http.RedirectHandler.SendAsync(HttpRequestMessage request, Boolean async, CancellationToken cancellationToken)
   at GitHub.Services.Common.RawHttpMessageHandler.SendAsync(HttpRequestMessage request, CancellationToken cancellationToken)
   at GitHub.Services.Common.VssHttpRetryMessageHandler.SendAsync(HttpRequestMessage request, CancellationToken cancellationToken)
   at System.Net.Http.HttpClient.<SendAsync>g__Core|83_0(HttpRequestMessage request, HttpCompletionOption completionOption, CancellationTokenSource cts, Boolean disposeCts, CancellationTokenSource pendingRequestsCts, CancellationToken originalCancellationToken)
[2025-05-31 22:37:04Z ERR  BrokerServer] #####################################################
[2025-05-31 22:37:04Z ERR  BrokerServer] System.IO.IOException: Unable to read data from the transport connection: The I/O operation has been aborted because of either a thread exit or an application request..
 ---> System.Net.Sockets.SocketException (995): The I/O operation has been aborted because of either a thread exit or an application request.
   --- End of inner exception stack trace ---
   at System.Net.Sockets.Socket.AwaitableSocketAsyncEventArgs.ThrowException(SocketError error, CancellationToken cancellationToken)
   at System.Net.Sockets.Socket.AwaitableSocketAsyncEventArgs.System.Threading.Tasks.Sources.IValueTaskSource<System.Int32>.GetResult(Int16 token)
   at System.Net.Security.SslStream.EnsureFullTlsFrameAsync[TIOAdapter](CancellationToken cancellationToken, Int32 estimatedSize)
   at System.Runtime.CompilerServices.PoolingAsyncValueTaskMethodBuilder`1.StateMachineBox`1.System.Threading.Tasks.Sources.IValueTaskSource<TResult>.GetResult(Int16 token)
   at System.Net.Security.SslStream.ReadAsyncInternal[TIOAdapter](Memory`1 buffer, CancellationToken cancellationToken)
   at System.Runtime.CompilerServices.PoolingAsyncValueTaskMethodBuilder`1.StateMachineBox`1.System.Threading.Tasks.Sources.IValueTaskSource<TResult>.GetResult(Int16 token)
   at System.Net.Http.HttpConnection.SendAsync(HttpRequestMessage request, Boolean async, CancellationToken cancellationToken)
[2025-05-31 22:37:04Z ERR  BrokerServer] #####################################################
[2025-05-31 22:37:04Z ERR  BrokerServer] System.Net.Sockets.SocketException (995): The I/O operation has been aborted because of either a thread exit or an application request.
[2025-05-31 22:37:04Z WARN BrokerServer] Back off 13.125 seconds before next retry. 4 attempt left.
[2025-05-31 22:37:04Z INFO MessageListener] Get next message has been cancelled.
[2025-05-31 22:37:04Z INFO JobDispatcher] Shutting down JobDispatcher. Make sure all WorkerDispatcher has finished.
[2025-05-31 22:37:04Z INFO JobDispatcher] Ensure WorkerDispatcher for job b5da4596-f1df-572c-944a-78be2ea08663 run to finish, cancel any running job.
[2025-05-31 22:37:04Z INFO JobDispatcher] Send job cancellation message to worker for job b5da4596-f1df-572c-944a-78be2ea08663.
[2025-05-31 22:37:04Z INFO ProcessChannel] Sending message of length 0, with hash 'e3b0c44298fc1c149afbf4c8996fb92427ae41e4649b934ca495991b7852b855'
[2025-05-31 22:37:07Z INFO ProcessInvokerWrapper] STDOUT/STDERR stream read finished.
[2025-05-31 22:37:07Z INFO ProcessInvokerWrapper] STDOUT/STDERR stream read finished.
[2025-05-31 22:37:07Z INFO ProcessInvokerWrapper] Finished process 20072 with exit code 102, and elapsed time 00:01:25.2547987.
[2025-05-31 22:37:07Z INFO JobDispatcher] finish job request for job b5da4596-f1df-572c-944a-78be2ea08663 with result: Canceled
[2025-05-31 22:37:07Z INFO Terminal] WRITE LINE: 2025-05-31 22:37:07Z: Job deploy completed with result: Canceled
[2025-05-31 22:37:07Z INFO JobDispatcher] Stop renew job request for job b5da4596-f1df-572c-944a-78be2ea08663.
[2025-05-31 22:37:07Z INFO JobDispatcher] job renew has been cancelled, stop renew job b5da4596-f1df-572c-944a-78be2ea08663.
[2025-05-31 22:37:07Z INFO JobNotification] Entering JobCompleted Notification
[2025-05-31 22:37:07Z INFO JobNotification] Entering EndMonitor
[2025-05-31 22:37:07Z INFO Runner] Deleting Runner Session...
[2025-05-31 22:37:07Z INFO Listener] Runner execution been cancelled.
