[2025-05-31 22:38:45Z INFO HostContext] No proxy settings were found based on environmental variables (http_proxy/https_proxy/HTTP_PROXY/HTTPS_PROXY)
[2025-05-31 22:38:45Z INFO HostContext] Well known directory 'Bin': 'C:\Users\yahya\Downloads\inventory-service\actions-runner\bin'
[2025-05-31 22:38:45Z INFO HostContext] Well known directory 'Root': 'C:\Users\yahya\Downloads\inventory-service\actions-runner'
[2025-05-31 22:38:45Z INFO HostContext] Well known config file 'Credentials': 'C:\Users\yahya\Downloads\inventory-service\actions-runner\.credentials'
[2025-05-31 22:38:45Z INFO HostContext] Well known directory 'Bin': 'C:\Users\yahya\Downloads\inventory-service\actions-runner\bin'
[2025-05-31 22:38:45Z INFO HostContext] Well known directory 'Root': 'C:\Users\yahya\Downloads\inventory-service\actions-runner'
[2025-05-31 22:38:45Z INFO HostContext] Well known config file 'Runner': 'C:\Users\yahya\Downloads\inventory-service\actions-runner\.runner'
[2025-05-31 22:38:45Z INFO Listener] Runner is built for Windows (X64) - win-x64.
[2025-05-31 22:38:45Z INFO Listener] RuntimeInformation: Microsoft Windows 10.0.26100.
[2025-05-31 22:38:45Z INFO Listener] Version: 2.324.0
[2025-05-31 22:38:45Z INFO Listener] Commit: da3412efd49b1cf1a0fbdcbcee4e4ac4cc2177c8
[2025-05-31 22:38:45Z INFO Listener] Culture: en-US
[2025-05-31 22:38:45Z INFO Listener] UI Culture: en-US
[2025-05-31 22:38:45Z INFO HostContext] Well known directory 'Bin': 'C:\Users\yahya\Downloads\inventory-service\actions-runner\bin'
[2025-05-31 22:38:45Z INFO HostContext] Well known directory 'Root': 'C:\Users\yahya\Downloads\inventory-service\actions-runner'
[2025-05-31 22:38:45Z INFO Listener] Validating directory permissions for: 'C:\Users\yahya\Downloads\inventory-service\actions-runner'
[2025-05-31 22:38:45Z INFO CommandLineParser] Parse
[2025-05-31 22:38:45Z INFO CommandLineParser] Parsing 1 args
[2025-05-31 22:38:45Z INFO CommandLineParser] parsing argument
[2025-05-31 22:38:45Z INFO CommandLineParser] HasArgs: False
[2025-05-31 22:38:45Z INFO CommandLineParser] Adding Command: run
[2025-05-31 22:38:45Z INFO Listener] Arguments parsed
[2025-05-31 22:38:45Z INFO Runner] ExecuteCommand
[2025-05-31 22:38:45Z INFO ConfigurationStore] currentAssemblyLocation: C:\Users\yahya\Downloads\inventory-service\actions-runner\bin\Runner.Listener.dll
[2025-05-31 22:38:45Z INFO HostContext] Well known directory 'Bin': 'C:\Users\yahya\Downloads\inventory-service\actions-runner\bin'
[2025-05-31 22:38:45Z INFO ConfigurationStore] binPath: C:\Users\yahya\Downloads\inventory-service\actions-runner\bin
[2025-05-31 22:38:45Z INFO HostContext] Well known directory 'Bin': 'C:\Users\yahya\Downloads\inventory-service\actions-runner\bin'
[2025-05-31 22:38:45Z INFO HostContext] Well known directory 'Root': 'C:\Users\yahya\Downloads\inventory-service\actions-runner'
[2025-05-31 22:38:45Z INFO ConfigurationStore] RootFolder: C:\Users\yahya\Downloads\inventory-service\actions-runner
[2025-05-31 22:38:45Z INFO HostContext] Well known directory 'Bin': 'C:\Users\yahya\Downloads\inventory-service\actions-runner\bin'
[2025-05-31 22:38:45Z INFO HostContext] Well known directory 'Root': 'C:\Users\yahya\Downloads\inventory-service\actions-runner'
[2025-05-31 22:38:45Z INFO HostContext] Well known config file 'Runner': 'C:\Users\yahya\Downloads\inventory-service\actions-runner\.runner'
[2025-05-31 22:38:45Z INFO ConfigurationStore] ConfigFilePath: C:\Users\yahya\Downloads\inventory-service\actions-runner\.runner
[2025-05-31 22:38:45Z INFO HostContext] Well known directory 'Bin': 'C:\Users\yahya\Downloads\inventory-service\actions-runner\bin'
[2025-05-31 22:38:45Z INFO HostContext] Well known directory 'Root': 'C:\Users\yahya\Downloads\inventory-service\actions-runner'
[2025-05-31 22:38:45Z INFO HostContext] Well known config file 'MigratedRunner': 'C:\Users\yahya\Downloads\inventory-service\actions-runner\.runner_migrated'
[2025-05-31 22:38:45Z INFO ConfigurationStore] MigratedConfigFilePath: C:\Users\yahya\Downloads\inventory-service\actions-runner\.runner_migrated
[2025-05-31 22:38:45Z INFO HostContext] Well known directory 'Bin': 'C:\Users\yahya\Downloads\inventory-service\actions-runner\bin'
[2025-05-31 22:38:45Z INFO HostContext] Well known directory 'Root': 'C:\Users\yahya\Downloads\inventory-service\actions-runner'
[2025-05-31 22:38:45Z INFO HostContext] Well known config file 'Credentials': 'C:\Users\yahya\Downloads\inventory-service\actions-runner\.credentials'
[2025-05-31 22:38:45Z INFO ConfigurationStore] CredFilePath: C:\Users\yahya\Downloads\inventory-service\actions-runner\.credentials
[2025-05-31 22:38:45Z INFO HostContext] Well known directory 'Bin': 'C:\Users\yahya\Downloads\inventory-service\actions-runner\bin'
[2025-05-31 22:38:45Z INFO HostContext] Well known directory 'Root': 'C:\Users\yahya\Downloads\inventory-service\actions-runner'
[2025-05-31 22:38:45Z INFO HostContext] Well known config file 'MigratedCredentials': 'C:\Users\yahya\Downloads\inventory-service\actions-runner\.credentials_migrated'
[2025-05-31 22:38:45Z INFO ConfigurationStore] MigratedCredFilePath: C:\Users\yahya\Downloads\inventory-service\actions-runner\.credentials_migrated
[2025-05-31 22:38:45Z INFO HostContext] Well known directory 'Bin': 'C:\Users\yahya\Downloads\inventory-service\actions-runner\bin'
[2025-05-31 22:38:45Z INFO HostContext] Well known directory 'Root': 'C:\Users\yahya\Downloads\inventory-service\actions-runner'
[2025-05-31 22:38:45Z INFO HostContext] Well known config file 'Service': 'C:\Users\yahya\Downloads\inventory-service\actions-runner\.service'
[2025-05-31 22:38:45Z INFO ConfigurationStore] ServiceConfigFilePath: C:\Users\yahya\Downloads\inventory-service\actions-runner\.service
[2025-05-31 22:38:45Z INFO CommandSettings] Flag 'help': 'False'
[2025-05-31 22:38:45Z INFO CommandSettings] Flag 'version': 'False'
[2025-05-31 22:38:45Z INFO CommandSettings] Flag 'commit': 'False'
[2025-05-31 22:38:45Z INFO CommandSettings] Flag 'check': 'False'
[2025-05-31 22:38:45Z INFO CommandSettings] Command 'configure': 'False'
[2025-05-31 22:38:45Z INFO CommandSettings] Command 'remove': 'False'
[2025-05-31 22:38:45Z INFO CommandSettings] Command 'warmup': 'False'
[2025-05-31 22:38:45Z INFO ConfigurationManager] LoadSettings
[2025-05-31 22:38:45Z INFO ConfigurationStore] IsConfigured()
[2025-05-31 22:38:45Z INFO ConfigurationStore] IsConfigured: True
[2025-05-31 22:38:45Z INFO ConfigurationManager] Is configured: True
[2025-05-31 22:38:45Z INFO ConfigurationStore] Read setting file: 321 chars
[2025-05-31 22:38:45Z INFO ConfigurationManager] Settings Loaded
[2025-05-31 22:38:45Z INFO ConfigurationStore] IsServiceConfigured()
[2025-05-31 22:38:45Z INFO ConfigurationStore] IsServiceConfigured: True
[2025-05-31 22:38:45Z INFO CommandSettings] Command 'run': 'True'
[2025-05-31 22:38:45Z INFO ConfigurationStore] IsConfigured()
[2025-05-31 22:38:45Z INFO ConfigurationStore] IsConfigured: True
[2025-05-31 22:38:45Z INFO ConfigurationManager] Is configured: True
[2025-05-31 22:38:45Z INFO Runner] Try determine runner startup type base on console redirects.
[2025-05-31 22:38:45Z INFO Runner] Set runner startup type - Manual
[2025-05-31 22:38:45Z INFO CommandSettings] Flag 'once': 'False'
[2025-05-31 22:38:45Z INFO CommandSettings] Flag 'once': 'False'
[2025-05-31 22:38:45Z INFO Runner] RunAsync
[2025-05-31 22:38:45Z INFO ConfigurationManager] LoadMigratedSettings
[2025-05-31 22:38:45Z INFO ConfigurationStore] IsMigratedConfigured()
[2025-05-31 22:38:45Z INFO ConfigurationStore] IsMigratedConfigured: False
[2025-05-31 22:38:45Z INFO Runner] Failed to load migrated settings: No migrated configuration found.
[2025-05-31 22:38:45Z INFO Runner] Falling back to original .runner settings
[2025-05-31 22:38:45Z INFO ConfigurationManager] LoadSettings
[2025-05-31 22:38:45Z INFO ConfigurationStore] IsConfigured()
[2025-05-31 22:38:45Z INFO ConfigurationStore] IsConfigured: True
[2025-05-31 22:38:45Z INFO ConfigurationManager] Is configured: True
[2025-05-31 22:38:45Z INFO ConfigurationManager] Settings Loaded
[2025-05-31 22:38:45Z INFO MessageListener] {
  "AgentId": 22,
  "AgentName": "DESKTOP-7FSQ2A0",
  "PoolId": 1,
  "PoolName": "Default",
  "ServerUrl": "https://pipelinesghubeus3.actions.githubusercontent.com/FntyNZhlPzuAfubsrdf77g0QO1UaJDdYgo0EJnuSpyZdD5cVvH/",
  "GitHubUrl": "https://github.com/YahyaElkhayat/Inventory-service",
  "WorkFolder": "_work"
}
[2025-05-31 22:38:45Z INFO MessageListener] Loading Credentials
[2025-05-31 22:38:45Z INFO ConfigurationStore] HasCredentials()
[2025-05-31 22:38:45Z INFO ConfigurationStore] stored True
[2025-05-31 22:38:45Z INFO CredentialManager] GetCredentialProvider
[2025-05-31 22:38:45Z INFO CredentialManager] Creating type OAuth
[2025-05-31 22:38:45Z INFO CredentialManager] Creating credential type: OAuth
[2025-05-31 22:38:45Z INFO HostContext] Well known directory 'Bin': 'C:\Users\yahya\Downloads\inventory-service\actions-runner\bin'
[2025-05-31 22:38:45Z INFO HostContext] Well known directory 'Root': 'C:\Users\yahya\Downloads\inventory-service\actions-runner'
[2025-05-31 22:38:45Z INFO HostContext] Well known config file 'RSACredentials': 'C:\Users\yahya\Downloads\inventory-service\actions-runner\.credentials_rsaparams'
[2025-05-31 22:38:45Z INFO RSAEncryptedFileKeyManager] Loading RSA key parameters from file C:\Users\yahya\Downloads\inventory-service\actions-runner\.credentials_rsaparams
[2025-05-31 22:38:45Z INFO MessageListener] Attempt to create session.
[2025-05-31 22:38:45Z INFO MessageListener] Connecting to the Runner Server...
[2025-05-31 22:38:45Z INFO RunnerServer] EstablishVssConnection
[2025-05-31 22:38:45Z INFO RunnerServer] Establish connection with 100 seconds timeout.
[2025-05-31 22:38:45Z INFO GitHubActionsService] Starting operation Location.GetConnectionData
[2025-05-31 22:38:45Z INFO RunnerServer] EstablishVssConnection
[2025-05-31 22:38:45Z INFO RunnerServer] Establish connection with 60 seconds timeout.
[2025-05-31 22:38:45Z INFO GitHubActionsService] Starting operation Location.GetConnectionData
[2025-05-31 22:38:45Z INFO RunnerServer] EstablishVssConnection
[2025-05-31 22:38:45Z INFO RunnerServer] Establish connection with 60 seconds timeout.
[2025-05-31 22:38:45Z INFO GitHubActionsService] Starting operation Location.GetConnectionData
[2025-05-31 22:38:46Z INFO GitHubActionsService] Finished operation Location.GetConnectionData
[2025-05-31 22:38:46Z INFO GitHubActionsService] Finished operation Location.GetConnectionData
[2025-05-31 22:38:46Z INFO GitHubActionsService] Finished operation Location.GetConnectionData
[2025-05-31 22:38:46Z INFO MessageListener] VssConnection created
[2025-05-31 22:38:46Z INFO Terminal] WRITE LINE: 
[2025-05-31 22:38:46Z INFO Terminal] WRITE LINE: 
[2025-05-31 22:38:46Z INFO RSAEncryptedFileKeyManager] Loading RSA key parameters from file C:\Users\yahya\Downloads\inventory-service\actions-runner\.credentials_rsaparams
[2025-05-31 22:38:46Z INFO RSAEncryptedFileKeyManager] Loading RSA key parameters from file C:\Users\yahya\Downloads\inventory-service\actions-runner\.credentials_rsaparams
[2025-05-31 22:38:47Z INFO GitHubActionsService] AAD Correlation ID for this token request: Unknown
[2025-05-31 22:38:47Z INFO MessageListener] Session created.
[2025-05-31 22:38:47Z INFO MessageListener] Registering AuthMigrationChanged event handler.
[2025-05-31 22:38:47Z INFO Terminal] WRITE LINE: Current runner version: '2.324.0'
[2025-05-31 22:38:47Z INFO Terminal] WRITE LINE: 2025-05-31 22:38:47Z: Listening for Jobs
[2025-05-31 22:38:47Z INFO JobDispatcher] Set runner/worker IPC timeout to 30 seconds.
[2025-05-31 22:38:47Z INFO ConfigurationStore] HasCredentials()
[2025-05-31 22:38:47Z INFO ConfigurationStore] stored True
[2025-05-31 22:38:47Z INFO CredentialManager] GetCredentialProvider
[2025-05-31 22:38:47Z INFO CredentialManager] Creating type OAuth
[2025-05-31 22:38:47Z INFO CredentialManager] Creating credential type: OAuth
[2025-05-31 22:38:47Z INFO RSAEncryptedFileKeyManager] Loading RSA key parameters from file C:\Users\yahya\Downloads\inventory-service\actions-runner\.credentials_rsaparams
[2025-05-31 22:38:47Z INFO RSAEncryptedFileKeyManager] Loading RSA key parameters from file C:\Users\yahya\Downloads\inventory-service\actions-runner\.credentials_rsaparams
[2025-05-31 22:38:47Z INFO RSAEncryptedFileKeyManager] Loading RSA key parameters from file C:\Users\yahya\Downloads\inventory-service\actions-runner\.credentials_rsaparams
[2025-05-31 22:38:48Z INFO GitHubActionsService] AAD Correlation ID for this token request: Unknown
[2025-05-31 22:38:48Z INFO MessageListener] Message '3291283190540584478' received from session '4be97b86-0b2e-46b1-a349-dcd1ab850f0b'.
[2025-05-31 22:38:48Z INFO ConfigurationStore] HasCredentials()
[2025-05-31 22:38:48Z INFO ConfigurationStore] stored True
[2025-05-31 22:38:48Z INFO CredentialManager] GetCredentialProvider
[2025-05-31 22:38:48Z INFO CredentialManager] Creating type OAuth
[2025-05-31 22:38:48Z INFO CredentialManager] Creating credential type: OAuth
[2025-05-31 22:38:48Z INFO RSAEncryptedFileKeyManager] Loading RSA key parameters from file C:\Users\yahya\Downloads\inventory-service\actions-runner\.credentials_rsaparams
[2025-05-31 22:38:48Z INFO RSAEncryptedFileKeyManager] Loading RSA key parameters from file C:\Users\yahya\Downloads\inventory-service\actions-runner\.credentials_rsaparams
[2025-05-31 22:38:48Z INFO RSAEncryptedFileKeyManager] Loading RSA key parameters from file C:\Users\yahya\Downloads\inventory-service\actions-runner\.credentials_rsaparams
[2025-05-31 22:38:49Z INFO GitHubActionsService] AAD Correlation ID for this token request: Unknown
[2025-05-31 22:38:50Z INFO JobDispatcher] Job request 0 for plan ed8c9a45-cd93-41eb-b63f-639285254de5 job 4d141929-d91b-54be-b381-8ff4f59ae0d9 received.
[2025-05-31 22:38:50Z INFO MessageListener] Received job status event. JobState: Busy
[2025-05-31 22:38:50Z INFO MessageListener] _getMessagesTokenSource is already disposed.
[2025-05-31 22:38:50Z INFO Terminal] WRITE LINE: 2025-05-31 22:38:50Z: Running job: deploy
[2025-05-31 22:38:50Z INFO JobDispatcher] Start renew job request 0 for job 4d141929-d91b-54be-b381-8ff4f59ae0d9.
[2025-05-31 22:38:50Z INFO JobDispatcher] Successfully renew job 4d141929-d91b-54be-b381-8ff4f59ae0d9, job is valid till 5/31/2025 10:48:37 PM
[2025-05-31 22:38:50Z INFO HostContext] Well known directory 'Bin': 'C:\Users\yahya\Downloads\inventory-service\actions-runner\bin'
[2025-05-31 22:38:50Z INFO ProcessInvokerWrapper] Starting process:
[2025-05-31 22:38:50Z INFO ProcessInvokerWrapper]   File name: 'C:\Users\yahya\Downloads\inventory-service\actions-runner\bin\Runner.Worker.exe'
[2025-05-31 22:38:50Z INFO ProcessInvokerWrapper]   Arguments: 'spawnclient 2336 2348'
[2025-05-31 22:38:50Z INFO ProcessInvokerWrapper]   Working directory: 'C:\Users\yahya\Downloads\inventory-service\actions-runner\bin'
[2025-05-31 22:38:50Z INFO ProcessInvokerWrapper]   Require exit code zero: 'False'
[2025-05-31 22:38:50Z INFO ProcessInvokerWrapper]   Encoding web name:  ; code page: ''
[2025-05-31 22:38:50Z INFO ProcessInvokerWrapper]   Force kill process on cancellation: 'True'
[2025-05-31 22:38:50Z INFO ProcessInvokerWrapper]   Redirected STDIN: 'False'
[2025-05-31 22:38:50Z INFO ProcessInvokerWrapper]   Persist current code page: 'False'
[2025-05-31 22:38:50Z INFO ProcessInvokerWrapper]   Keep redirected STDIN open: 'False'
[2025-05-31 22:38:50Z INFO ProcessInvokerWrapper]   High priority process: 'True'
[2025-05-31 22:38:50Z INFO ProcessInvokerWrapper] Process started with process id 1668, waiting for process exit.
[2025-05-31 22:38:50Z INFO JobDispatcher] Send job request message to worker for job 4d141929-d91b-54be-b381-8ff4f59ae0d9.
[2025-05-31 22:38:50Z INFO ProcessChannel] Sending message of length 34646, with hash 'bbb1f8b77f640d3d75108fcbcefeca96e8e6d0fa8ab2a7b21d6492b83844f24c'
[2025-05-31 22:38:51Z INFO JobNotification] Entering JobStarted Notification
[2025-05-31 22:38:51Z INFO JobNotification] Entering StartMonitor
[2025-05-31 22:38:51Z INFO ConfigurationStore] HasCredentials()
[2025-05-31 22:38:51Z INFO ConfigurationStore] stored True
[2025-05-31 22:38:51Z INFO CredentialManager] GetCredentialProvider
[2025-05-31 22:38:51Z INFO CredentialManager] Creating type OAuth
[2025-05-31 22:38:51Z INFO CredentialManager] Creating credential type: OAuth
[2025-05-31 22:38:51Z INFO RSAEncryptedFileKeyManager] Loading RSA key parameters from file C:\Users\yahya\Downloads\inventory-service\actions-runner\.credentials_rsaparams
[2025-05-31 22:39:41Z INFO ConfigurationStore] HasCredentials()
[2025-05-31 22:39:41Z INFO ConfigurationStore] stored True
[2025-05-31 22:39:41Z INFO CredentialManager] GetCredentialProvider
[2025-05-31 22:39:41Z INFO CredentialManager] Creating type OAuth
[2025-05-31 22:39:41Z INFO CredentialManager] Creating credential type: OAuth
[2025-05-31 22:39:41Z INFO RSAEncryptedFileKeyManager] Loading RSA key parameters from file C:\Users\yahya\Downloads\inventory-service\actions-runner\.credentials_rsaparams
[2025-05-31 22:39:50Z INFO JobDispatcher] Successfully renew job 4d141929-d91b-54be-b381-8ff4f59ae0d9, job is valid till 5/31/2025 10:49:37 PM
[2025-05-31 22:40:32Z INFO ConfigurationStore] HasCredentials()
[2025-05-31 22:40:32Z INFO ConfigurationStore] stored True
[2025-05-31 22:40:32Z INFO CredentialManager] GetCredentialProvider
[2025-05-31 22:40:32Z INFO CredentialManager] Creating type OAuth
[2025-05-31 22:40:32Z INFO CredentialManager] Creating credential type: OAuth
[2025-05-31 22:40:32Z INFO RSAEncryptedFileKeyManager] Loading RSA key parameters from file C:\Users\yahya\Downloads\inventory-service\actions-runner\.credentials_rsaparams
[2025-05-31 22:40:50Z INFO JobDispatcher] Successfully renew job 4d141929-d91b-54be-b381-8ff4f59ae0d9, job is valid till 5/31/2025 10:50:37 PM
[2025-05-31 22:41:22Z INFO ConfigurationStore] HasCredentials()
[2025-05-31 22:41:22Z INFO ConfigurationStore] stored True
[2025-05-31 22:41:22Z INFO CredentialManager] GetCredentialProvider
[2025-05-31 22:41:22Z INFO CredentialManager] Creating type OAuth
[2025-05-31 22:41:22Z INFO CredentialManager] Creating credential type: OAuth
[2025-05-31 22:41:22Z INFO RSAEncryptedFileKeyManager] Loading RSA key parameters from file C:\Users\yahya\Downloads\inventory-service\actions-runner\.credentials_rsaparams
[2025-05-31 22:41:51Z INFO JobDispatcher] Successfully renew job 4d141929-d91b-54be-b381-8ff4f59ae0d9, job is valid till 5/31/2025 10:51:38 PM
[2025-05-31 22:42:13Z INFO ConfigurationStore] HasCredentials()
[2025-05-31 22:42:13Z INFO ConfigurationStore] stored True
[2025-05-31 22:42:13Z INFO CredentialManager] GetCredentialProvider
[2025-05-31 22:42:13Z INFO CredentialManager] Creating type OAuth
[2025-05-31 22:42:13Z INFO CredentialManager] Creating credential type: OAuth
[2025-05-31 22:42:13Z INFO RSAEncryptedFileKeyManager] Loading RSA key parameters from file C:\Users\yahya\Downloads\inventory-service\actions-runner\.credentials_rsaparams
[2025-05-31 22:42:51Z INFO JobDispatcher] Successfully renew job 4d141929-d91b-54be-b381-8ff4f59ae0d9, job is valid till 5/31/2025 10:52:38 PM
[2025-05-31 22:43:03Z INFO ConfigurationStore] HasCredentials()
[2025-05-31 22:43:03Z INFO ConfigurationStore] stored True
[2025-05-31 22:43:03Z INFO CredentialManager] GetCredentialProvider
[2025-05-31 22:43:03Z INFO CredentialManager] Creating type OAuth
[2025-05-31 22:43:03Z INFO CredentialManager] Creating credential type: OAuth
[2025-05-31 22:43:03Z INFO RSAEncryptedFileKeyManager] Loading RSA key parameters from file C:\Users\yahya\Downloads\inventory-service\actions-runner\.credentials_rsaparams
[2025-05-31 22:43:51Z INFO JobDispatcher] Successfully renew job 4d141929-d91b-54be-b381-8ff4f59ae0d9, job is valid till 5/31/2025 10:53:38 PM
[2025-05-31 22:43:53Z INFO ConfigurationStore] HasCredentials()
[2025-05-31 22:43:53Z INFO ConfigurationStore] stored True
[2025-05-31 22:43:53Z INFO CredentialManager] GetCredentialProvider
[2025-05-31 22:43:53Z INFO CredentialManager] Creating type OAuth
[2025-05-31 22:43:53Z INFO CredentialManager] Creating credential type: OAuth
[2025-05-31 22:43:53Z INFO RSAEncryptedFileKeyManager] Loading RSA key parameters from file C:\Users\yahya\Downloads\inventory-service\actions-runner\.credentials_rsaparams
[2025-05-31 22:44:44Z INFO ConfigurationStore] HasCredentials()
[2025-05-31 22:44:44Z INFO ConfigurationStore] stored True
[2025-05-31 22:44:44Z INFO CredentialManager] GetCredentialProvider
[2025-05-31 22:44:44Z INFO CredentialManager] Creating type OAuth
[2025-05-31 22:44:44Z INFO CredentialManager] Creating credential type: OAuth
[2025-05-31 22:44:44Z INFO RSAEncryptedFileKeyManager] Loading RSA key parameters from file C:\Users\yahya\Downloads\inventory-service\actions-runner\.credentials_rsaparams
[2025-05-31 22:44:51Z INFO JobDispatcher] Successfully renew job 4d141929-d91b-54be-b381-8ff4f59ae0d9, job is valid till 5/31/2025 10:54:38 PM
[2025-05-31 22:45:34Z INFO ConfigurationStore] HasCredentials()
[2025-05-31 22:45:34Z INFO ConfigurationStore] stored True
[2025-05-31 22:45:34Z INFO CredentialManager] GetCredentialProvider
[2025-05-31 22:45:34Z INFO CredentialManager] Creating type OAuth
[2025-05-31 22:45:34Z INFO CredentialManager] Creating credential type: OAuth
[2025-05-31 22:45:34Z INFO RSAEncryptedFileKeyManager] Loading RSA key parameters from file C:\Users\yahya\Downloads\inventory-service\actions-runner\.credentials_rsaparams
[2025-05-31 22:45:51Z INFO JobDispatcher] Successfully renew job 4d141929-d91b-54be-b381-8ff4f59ae0d9, job is valid till 5/31/2025 10:55:38 PM
[2025-05-31 22:46:24Z INFO ConfigurationStore] HasCredentials()
[2025-05-31 22:46:24Z INFO ConfigurationStore] stored True
[2025-05-31 22:46:24Z INFO CredentialManager] GetCredentialProvider
[2025-05-31 22:46:24Z INFO CredentialManager] Creating type OAuth
[2025-05-31 22:46:24Z INFO CredentialManager] Creating credential type: OAuth
[2025-05-31 22:46:24Z INFO RSAEncryptedFileKeyManager] Loading RSA key parameters from file C:\Users\yahya\Downloads\inventory-service\actions-runner\.credentials_rsaparams
[2025-05-31 22:46:51Z INFO JobDispatcher] Successfully renew job 4d141929-d91b-54be-b381-8ff4f59ae0d9, job is valid till 5/31/2025 10:56:38 PM
[2025-05-31 22:47:15Z INFO ConfigurationStore] HasCredentials()
[2025-05-31 22:47:15Z INFO ConfigurationStore] stored True
[2025-05-31 22:47:15Z INFO CredentialManager] GetCredentialProvider
[2025-05-31 22:47:15Z INFO CredentialManager] Creating type OAuth
[2025-05-31 22:47:15Z INFO CredentialManager] Creating credential type: OAuth
[2025-05-31 22:47:15Z INFO RSAEncryptedFileKeyManager] Loading RSA key parameters from file C:\Users\yahya\Downloads\inventory-service\actions-runner\.credentials_rsaparams
[2025-05-31 22:47:51Z INFO JobDispatcher] Successfully renew job 4d141929-d91b-54be-b381-8ff4f59ae0d9, job is valid till 5/31/2025 10:57:38 PM
[2025-05-31 22:48:05Z INFO ConfigurationStore] HasCredentials()
[2025-05-31 22:48:05Z INFO ConfigurationStore] stored True
[2025-05-31 22:48:05Z INFO CredentialManager] GetCredentialProvider
[2025-05-31 22:48:05Z INFO CredentialManager] Creating type OAuth
[2025-05-31 22:48:05Z INFO CredentialManager] Creating credential type: OAuth
[2025-05-31 22:48:05Z INFO RSAEncryptedFileKeyManager] Loading RSA key parameters from file C:\Users\yahya\Downloads\inventory-service\actions-runner\.credentials_rsaparams
[2025-05-31 22:48:52Z INFO JobDispatcher] Successfully renew job 4d141929-d91b-54be-b381-8ff4f59ae0d9, job is valid till 5/31/2025 10:58:39 PM
[2025-05-31 22:48:55Z INFO ConfigurationStore] HasCredentials()
[2025-05-31 22:48:55Z INFO ConfigurationStore] stored True
[2025-05-31 22:48:55Z INFO CredentialManager] GetCredentialProvider
[2025-05-31 22:48:55Z INFO CredentialManager] Creating type OAuth
[2025-05-31 22:48:55Z INFO CredentialManager] Creating credential type: OAuth
[2025-05-31 22:48:55Z INFO RSAEncryptedFileKeyManager] Loading RSA key parameters from file C:\Users\yahya\Downloads\inventory-service\actions-runner\.credentials_rsaparams
